Archive:  /home/pascpier/Documents/NOMAD.jl/deps/downloads/NOMAD.zip
   creating: /home/pascpier/Documents/NOMAD.jl/deps/nomad.3.9.1/
   creating: /home/pascpier/Documents/NOMAD.jl/deps/nomad.3.9.1/src/
  inflating: /home/pascpier/Documents/NOMAD.jl/deps/nomad.3.9.1/src/Cache_Search.cpp  
  inflating: /home/pascpier/Documents/NOMAD.jl/deps/nomad.3.9.1/src/Pareto_Front.cpp  
  inflating: /home/pascpier/Documents/NOMAD.jl/deps/nomad.3.9.1/src/Double.hpp  
  inflating: /home/pascpier/Documents/NOMAD.jl/deps/nomad.3.9.1/src/Point.cpp  
  inflating: /home/pascpier/Documents/NOMAD.jl/deps/nomad.3.9.1/src/Eval_Point.hpp  
  inflating: /home/pascpier/Documents/NOMAD.jl/deps/nomad.3.9.1/src/NelderMead_Search.hpp  
  inflating: /home/pascpier/Documents/NOMAD.jl/deps/nomad.3.9.1/src/Sgtelib_Model_Manager.cpp  
  inflating: /home/pascpier/Documents/NOMAD.jl/deps/nomad.3.9.1/src/Priority_Eval_Point.cpp  
  inflating: /home/pascpier/Documents/NOMAD.jl/deps/nomad.3.9.1/src/Mads.hpp  
  inflating: /home/pascpier/Documents/NOMAD.jl/deps/nomad.3.9.1/src/XMesh.hpp  
  inflating: /home/pascpier/Documents/NOMAD.jl/deps/nomad.3.9.1/src/Algo_Parameters.hpp  
  inflating: /home/pascpier/Documents/NOMAD.jl/deps/nomad.3.9.1/src/Sgtelib_Model_Search.hpp  
  inflating: /home/pascpier/Documents/NOMAD.jl/deps/nomad.3.9.1/src/Barrier.cpp  
  inflating: /home/pascpier/Documents/NOMAD.jl/deps/nomad.3.9.1/src/Evaluator_Control.cpp  
  inflating: /home/pascpier/Documents/NOMAD.jl/deps/nomad.3.9.1/src/Random_Pickup.cpp  
  inflating: /home/pascpier/Documents/NOMAD.jl/deps/nomad.3.9.1/src/Clock.hpp  
  inflating: /home/pascpier/Documents/NOMAD.jl/deps/nomad.3.9.1/src/Mads.cpp  
  inflating: /home/pascpier/Documents/NOMAD.jl/deps/nomad.3.9.1/src/Priority_Eval_Point.hpp  
  inflating: /home/pascpier/Documents/NOMAD.jl/deps/nomad.3.9.1/src/Point.hpp  
  inflating: /home/pascpier/Documents/NOMAD.jl/deps/nomad.3.9.1/src/Double.cpp  
  inflating: /home/pascpier/Documents/NOMAD.jl/deps/nomad.3.9.1/src/Pareto_Front.hpp  
  inflating: /home/pascpier/Documents/NOMAD.jl/deps/nomad.3.9.1/src/Cache_Search.hpp  
  inflating: /home/pascpier/Documents/NOMAD.jl/deps/nomad.3.9.1/src/Sgtelib_Model_Manager.hpp  
  inflating: /home/pascpier/Documents/NOMAD.jl/deps/nomad.3.9.1/src/NelderMead_Search.cpp  
  inflating: /home/pascpier/Documents/NOMAD.jl/deps/nomad.3.9.1/src/Eval_Point.cpp  
  inflating: /home/pascpier/Documents/NOMAD.jl/deps/nomad.3.9.1/src/Clock.cpp  
  inflating: /home/pascpier/Documents/NOMAD.jl/deps/nomad.3.9.1/src/Random_Pickup.hpp  
  inflating: /home/pascpier/Documents/NOMAD.jl/deps/nomad.3.9.1/src/Barrier.hpp  
  inflating: /home/pascpier/Documents/NOMAD.jl/deps/nomad.3.9.1/src/Evaluator_Control.hpp  
  inflating: /home/pascpier/Documents/NOMAD.jl/deps/nomad.3.9.1/src/Sgtelib_Model_Search.cpp  
  inflating: /home/pascpier/Documents/NOMAD.jl/deps/nomad.3.9.1/src/XMesh.cpp  
  inflating: /home/pascpier/Documents/NOMAD.jl/deps/nomad.3.9.1/src/Algo_Parameters.cpp  
  inflating: /home/pascpier/Documents/NOMAD.jl/deps/nomad.3.9.1/src/Display.cpp  
  inflating: /home/pascpier/Documents/NOMAD.jl/deps/nomad.3.9.1/src/utils.hpp  
  inflating: /home/pascpier/Documents/NOMAD.jl/deps/nomad.3.9.1/src/Model_Sorted_Point.hpp  
  inflating: /home/pascpier/Documents/NOMAD.jl/deps/nomad.3.9.1/src/Speculative_Search.hpp  
  inflating: /home/pascpier/Documents/NOMAD.jl/deps/nomad.3.9.1/src/Evaluator.cpp  
  inflating: /home/pascpier/Documents/NOMAD.jl/deps/nomad.3.9.1/src/Quad_Model.cpp  
  inflating: /home/pascpier/Documents/NOMAD.jl/deps/nomad.3.9.1/src/nomad.hpp  
  inflating: /home/pascpier/Documents/NOMAD.jl/deps/nomad.3.9.1/src/Phase_One_Evaluator.cpp  
  inflating: /home/pascpier/Documents/NOMAD.jl/deps/nomad.3.9.1/src/Quad_Model_Evaluator.cpp  
  inflating: /home/pascpier/Documents/NOMAD.jl/deps/nomad.3.9.1/src/Direction.cpp  
  inflating: /home/pascpier/Documents/NOMAD.jl/deps/nomad.3.9.1/src/Parameter_Entries.cpp  
  inflating: /home/pascpier/Documents/NOMAD.jl/deps/nomad.3.9.1/src/Quad_Model_Search.hpp  
  inflating: /home/pascpier/Documents/NOMAD.jl/deps/nomad.3.9.1/src/Stats.cpp  
  inflating: /home/pascpier/Documents/NOMAD.jl/deps/nomad.3.9.1/src/OrthogonalMesh.hpp  
  inflating: /home/pascpier/Documents/NOMAD.jl/deps/nomad.3.9.1/src/Model_Stats.hpp  
  inflating: /home/pascpier/Documents/NOMAD.jl/deps/nomad.3.9.1/src/Slave.cpp  
  inflating: /home/pascpier/Documents/NOMAD.jl/deps/nomad.3.9.1/src/Evaluator.hpp  
  inflating: /home/pascpier/Documents/NOMAD.jl/deps/nomad.3.9.1/src/Speculative_Search.cpp  
  inflating: /home/pascpier/Documents/NOMAD.jl/deps/nomad.3.9.1/src/Model_Sorted_Point.cpp  
  inflating: /home/pascpier/Documents/NOMAD.jl/deps/nomad.3.9.1/src/Quad_Model.hpp  
  inflating: /home/pascpier/Documents/NOMAD.jl/deps/nomad.3.9.1/src/Set_Element.hpp  
  inflating: /home/pascpier/Documents/NOMAD.jl/deps/nomad.3.9.1/src/Filter_Point.hpp  
  inflating: /home/pascpier/Documents/NOMAD.jl/deps/nomad.3.9.1/src/Display.hpp  
  inflating: /home/pascpier/Documents/NOMAD.jl/deps/nomad.3.9.1/src/utils.cpp  
  inflating: /home/pascpier/Documents/NOMAD.jl/deps/nomad.3.9.1/src/OrthogonalMesh.cpp  
  inflating: /home/pascpier/Documents/NOMAD.jl/deps/nomad.3.9.1/src/Stats.hpp  
  inflating: /home/pascpier/Documents/NOMAD.jl/deps/nomad.3.9.1/src/Quad_Model_Search.cpp  
  inflating: /home/pascpier/Documents/NOMAD.jl/deps/nomad.3.9.1/src/Slave.hpp  
  inflating: /home/pascpier/Documents/NOMAD.jl/deps/nomad.3.9.1/src/Model_Stats.cpp  
  inflating: /home/pascpier/Documents/NOMAD.jl/deps/nomad.3.9.1/src/nomad.cpp  
  inflating: /home/pascpier/Documents/NOMAD.jl/deps/nomad.3.9.1/src/Parameter_Entries.hpp  
  inflating: /home/pascpier/Documents/NOMAD.jl/deps/nomad.3.9.1/src/Direction.hpp  
  inflating: /home/pascpier/Documents/NOMAD.jl/deps/nomad.3.9.1/src/Phase_One_Evaluator.hpp  
  inflating: /home/pascpier/Documents/NOMAD.jl/deps/nomad.3.9.1/src/Quad_Model_Evaluator.hpp  
  inflating: /home/pascpier/Documents/NOMAD.jl/deps/nomad.3.9.1/src/Cache_Point.cpp  
  inflating: /home/pascpier/Documents/NOMAD.jl/deps/nomad.3.9.1/src/Pareto_Point.hpp  
  inflating: /home/pascpier/Documents/NOMAD.jl/deps/nomad.3.9.1/src/Signature_Element.hpp  
  inflating: /home/pascpier/Documents/NOMAD.jl/deps/nomad.3.9.1/src/TrendMatrix_Line_Search.hpp  
  inflating: /home/pascpier/Documents/NOMAD.jl/deps/nomad.3.9.1/src/Parameters.hpp  
  inflating: /home/pascpier/Documents/NOMAD.jl/deps/nomad.3.9.1/src/Signature.hpp  
  inflating: /home/pascpier/Documents/NOMAD.jl/deps/nomad.3.9.1/src/lgpl.txt  
  inflating: /home/pascpier/Documents/NOMAD.jl/deps/nomad.3.9.1/src/LH_Search.hpp  
  inflating: /home/pascpier/Documents/NOMAD.jl/deps/nomad.3.9.1/src/SMesh.cpp  
  inflating: /home/pascpier/Documents/NOMAD.jl/deps/nomad.3.9.1/src/L_Curve.cpp  
  inflating: /home/pascpier/Documents/NOMAD.jl/deps/nomad.3.9.1/src/Cache_File_Point.cpp  
  inflating: /home/pascpier/Documents/NOMAD.jl/deps/nomad.3.9.1/src/Makefile.in  
  inflating: /home/pascpier/Documents/NOMAD.jl/deps/nomad.3.9.1/src/Cache.hpp  
  inflating: /home/pascpier/Documents/NOMAD.jl/deps/nomad.3.9.1/src/NelderMead_Simplex_Eval_Point.hpp  
  inflating: /home/pascpier/Documents/NOMAD.jl/deps/nomad.3.9.1/src/GMesh.cpp  
  inflating: /home/pascpier/Documents/NOMAD.jl/deps/nomad.3.9.1/src/Exception.hpp  
  inflating: /home/pascpier/Documents/NOMAD.jl/deps/nomad.3.9.1/src/Parameters.cpp  
  inflating: /home/pascpier/Documents/NOMAD.jl/deps/nomad.3.9.1/src/TrendMatrix_Line_Search.cpp  
  inflating: /home/pascpier/Documents/NOMAD.jl/deps/nomad.3.9.1/src/defines.hpp  
  inflating: /home/pascpier/Documents/NOMAD.jl/deps/nomad.3.9.1/src/Signature.cpp  
  inflating: /home/pascpier/Documents/NOMAD.jl/deps/nomad.3.9.1/src/Multi_Obj_Quad_Model_Evaluator.hpp  
  inflating: /home/pascpier/Documents/NOMAD.jl/deps/nomad.3.9.1/src/Cache_Point.hpp  
  inflating: /home/pascpier/Documents/NOMAD.jl/deps/nomad.3.9.1/src/Pareto_Point.cpp  
  inflating: /home/pascpier/Documents/NOMAD.jl/deps/nomad.3.9.1/src/NelderMead_Simplex_Eval_Point.cpp  
  inflating: /home/pascpier/Documents/NOMAD.jl/deps/nomad.3.9.1/src/nomad_version.hpp  
  inflating: /home/pascpier/Documents/NOMAD.jl/deps/nomad.3.9.1/src/Cache.cpp  
  inflating: /home/pascpier/Documents/NOMAD.jl/deps/nomad.3.9.1/src/GMesh.hpp  
  inflating: /home/pascpier/Documents/NOMAD.jl/deps/nomad.3.9.1/src/Uncopyable.hpp  
  inflating: /home/pascpier/Documents/NOMAD.jl/deps/nomad.3.9.1/src/L_Curve.hpp  
  inflating: /home/pascpier/Documents/NOMAD.jl/deps/nomad.3.9.1/src/LH_Search.cpp  
  inflating: /home/pascpier/Documents/NOMAD.jl/deps/nomad.3.9.1/src/SMesh.hpp  
  inflating: /home/pascpier/Documents/NOMAD.jl/deps/nomad.3.9.1/src/Search.hpp  
  inflating: /home/pascpier/Documents/NOMAD.jl/deps/nomad.3.9.1/src/Cache_File_Point.hpp  
  inflating: /home/pascpier/Documents/NOMAD.jl/deps/nomad.3.9.1/src/Multi_Obj_Evaluator.hpp  
  inflating: /home/pascpier/Documents/NOMAD.jl/deps/nomad.3.9.1/src/Sgtelib_Model_Evaluator.hpp  
  inflating: /home/pascpier/Documents/NOMAD.jl/deps/nomad.3.9.1/src/Variable_Group.hpp  
  inflating: /home/pascpier/Documents/NOMAD.jl/deps/nomad.3.9.1/src/VNS_Search.hpp  
  inflating: /home/pascpier/Documents/NOMAD.jl/deps/nomad.3.9.1/src/Extended_Poll.hpp  
  inflating: /home/pascpier/Documents/NOMAD.jl/deps/nomad.3.9.1/src/Phase_One_Search.cpp  
  inflating: /home/pascpier/Documents/NOMAD.jl/deps/nomad.3.9.1/src/Directions.hpp  
  inflating: /home/pascpier/Documents/NOMAD.jl/deps/nomad.3.9.1/src/Parameter_Entry.hpp  
  inflating: /home/pascpier/Documents/NOMAD.jl/deps/nomad.3.9.1/src/Single_Obj_Quad_Model_Evaluator.hpp  
  inflating: /home/pascpier/Documents/NOMAD.jl/deps/nomad.3.9.1/src/RNG.cpp  
  inflating: /home/pascpier/Documents/NOMAD.jl/deps/nomad.3.9.1/src/Extended_Poll.cpp  
  inflating: /home/pascpier/Documents/NOMAD.jl/deps/nomad.3.9.1/src/VNS_Search.cpp  
  inflating: /home/pascpier/Documents/NOMAD.jl/deps/nomad.3.9.1/src/Variable_Group.cpp  
  inflating: /home/pascpier/Documents/NOMAD.jl/deps/nomad.3.9.1/src/Phase_One_Search.hpp  
  inflating: /home/pascpier/Documents/NOMAD.jl/deps/nomad.3.9.1/src/Sgtelib_Model_Evaluator.cpp  
  inflating: /home/pascpier/Documents/NOMAD.jl/deps/nomad.3.9.1/src/Multi_Obj_Evaluator.cpp  
  inflating: /home/pascpier/Documents/NOMAD.jl/deps/nomad.3.9.1/src/RNG.hpp  
  inflating: /home/pascpier/Documents/NOMAD.jl/deps/nomad.3.9.1/src/Parameter_Entry.cpp  
  inflating: /home/pascpier/Documents/NOMAD.jl/deps/nomad.3.9.1/src/Directions.cpp  
  inflating: /home/pascpier/Documents/NOMAD.jl/deps/nomad.3.9.1/CONTRIBUTORS  
   creating: /home/pascpier/Documents/NOMAD.jl/deps/nomad.3.9.1/utils/
   creating: /home/pascpier/Documents/NOMAD.jl/deps/nomad.3.9.1/utils/MergeCacheFiles/
  inflating: /home/pascpier/Documents/NOMAD.jl/deps/nomad.3.9.1/utils/MergeCacheFiles/cache2_OSX.bin  
  inflating: /home/pascpier/Documents/NOMAD.jl/deps/nomad.3.9.1/utils/MergeCacheFiles/cache3_OSX.bin  
  inflating: /home/pascpier/Documents/NOMAD.jl/deps/nomad.3.9.1/utils/MergeCacheFiles/build.m  
  inflating: /home/pascpier/Documents/NOMAD.jl/deps/nomad.3.9.1/utils/MergeCacheFiles/cache1.bin  
  inflating: /home/pascpier/Documents/NOMAD.jl/deps/nomad.3.9.1/utils/MergeCacheFiles/cache1_OSX.bin  
  inflating: /home/pascpier/Documents/NOMAD.jl/deps/nomad.3.9.1/utils/MergeCacheFiles/cache2.bin  
  inflating: /home/pascpier/Documents/NOMAD.jl/deps/nomad.3.9.1/utils/MergeCacheFiles/Readme.txt  
  inflating: /home/pascpier/Documents/NOMAD.jl/deps/nomad.3.9.1/utils/MergeCacheFiles/makefile  
  inflating: /home/pascpier/Documents/NOMAD.jl/deps/nomad.3.9.1/utils/MergeCacheFiles/mergeM.cpp  
  inflating: /home/pascpier/Documents/NOMAD.jl/deps/nomad.3.9.1/utils/MergeCacheFiles/merge.cpp  
   creating: /home/pascpier/Documents/NOMAD.jl/deps/nomad.3.9.1/utils/Run_TestSuite/
  inflating: /home/pascpier/Documents/NOMAD.jl/deps/nomad.3.9.1/utils/Run_TestSuite/runNomadAll_parallel.pl  
  inflating: /home/pascpier/Documents/NOMAD.jl/deps/nomad.3.9.1/utils/Run_TestSuite/readme.txt  
   creating: /home/pascpier/Documents/NOMAD.jl/deps/nomad.3.9.1/utils/DisplayCacheFile/
  inflating: /home/pascpier/Documents/NOMAD.jl/deps/nomad.3.9.1/utils/DisplayCacheFile/makefile  
  inflating: /home/pascpier/Documents/NOMAD.jl/deps/nomad.3.9.1/utils/DisplayCacheFile/cache1_OSX.bin  
  inflating: /home/pascpier/Documents/NOMAD.jl/deps/nomad.3.9.1/utils/DisplayCacheFile/cache1.bin  
  inflating: /home/pascpier/Documents/NOMAD.jl/deps/nomad.3.9.1/utils/DisplayCacheFile/displayCache.cpp  
  inflating: /home/pascpier/Documents/NOMAD.jl/deps/nomad.3.9.1/utils/DisplayCacheFile/build.m  
  inflating: /home/pascpier/Documents/NOMAD.jl/deps/nomad.3.9.1/utils/DisplayCacheFile/readme  
  inflating: /home/pascpier/Documents/NOMAD.jl/deps/nomad.3.9.1/utils/DisplayCacheFile/displayCacheM.cpp  
   creating: /home/pascpier/Documents/NOMAD.jl/deps/nomad.3.9.1/examples/
   creating: /home/pascpier/Documents/NOMAD.jl/deps/nomad.3.9.1/examples/advanced/
   creating: /home/pascpier/Documents/NOMAD.jl/deps/nomad.3.9.1/examples/advanced/plot/
   creating: /home/pascpier/Documents/NOMAD.jl/deps/nomad.3.9.1/examples/advanced/plot/GUI/
  inflating: /home/pascpier/Documents/NOMAD.jl/deps/nomad.3.9.1/examples/advanced/plot/GUI/obj.jpg  
  inflating: /home/pascpier/Documents/NOMAD.jl/deps/nomad.3.9.1/examples/advanced/plot/GUI/f1.jpg  
  inflating: /home/pascpier/Documents/NOMAD.jl/deps/nomad.3.9.1/examples/advanced/plot/GUI/bbe.jpg  
  inflating: /home/pascpier/Documents/NOMAD.jl/deps/nomad.3.9.1/examples/advanced/plot/GUI/f2.jpg  
   creating: /home/pascpier/Documents/NOMAD.jl/deps/nomad.3.9.1/examples/advanced/plot/GUI/bin/
   creating: /home/pascpier/Documents/NOMAD.jl/deps/nomad.3.9.1/examples/advanced/plot/GUI/src/
  inflating: /home/pascpier/Documents/NOMAD.jl/deps/nomad.3.9.1/examples/advanced/plot/GUI/src/Zone.java  
  inflating: /home/pascpier/Documents/NOMAD.jl/deps/nomad.3.9.1/examples/advanced/plot/GUI/src/Fenetre.java  
  inflating: /home/pascpier/Documents/NOMAD.jl/deps/nomad.3.9.1/examples/advanced/plot/GUI/src/Prog.java  
  inflating: /home/pascpier/Documents/NOMAD.jl/deps/nomad.3.9.1/examples/advanced/plot/GUI/src/Graph.java  
  inflating: /home/pascpier/Documents/NOMAD.jl/deps/nomad.3.9.1/examples/advanced/plot/nomad_plot.cpp  
  inflating: /home/pascpier/Documents/NOMAD.jl/deps/nomad.3.9.1/examples/advanced/plot/readme.txt  
  inflating: /home/pascpier/Documents/NOMAD.jl/deps/nomad.3.9.1/examples/advanced/plot/Makefile.in  
 extracting: /home/pascpier/Documents/NOMAD.jl/deps/nomad.3.9.1/examples/advanced/plot/resolution.txt  
  inflating: /home/pascpier/Documents/NOMAD.jl/deps/nomad.3.9.1/examples/advanced/plot/readme_french.txt  
   creating: /home/pascpier/Documents/NOMAD.jl/deps/nomad.3.9.1/examples/advanced/plot/problems/
   creating: /home/pascpier/Documents/NOMAD.jl/deps/nomad.3.9.1/examples/advanced/plot/problems/01/
  inflating: /home/pascpier/Documents/NOMAD.jl/deps/nomad.3.9.1/examples/advanced/plot/problems/01/bb.cpp  
  inflating: /home/pascpier/Documents/NOMAD.jl/deps/nomad.3.9.1/examples/advanced/plot/problems/01/param_single_obj.txt  
  inflating: /home/pascpier/Documents/NOMAD.jl/deps/nomad.3.9.1/examples/advanced/plot/problems/01/param_bi_obj.txt  
   creating: /home/pascpier/Documents/NOMAD.jl/deps/nomad.3.9.1/examples/advanced/plot/problems/02/
  inflating: /home/pascpier/Documents/NOMAD.jl/deps/nomad.3.9.1/examples/advanced/plot/problems/02/bb.cpp  
  inflating: /home/pascpier/Documents/NOMAD.jl/deps/nomad.3.9.1/examples/advanced/plot/problems/02/param.txt  
  inflating: /home/pascpier/Documents/NOMAD.jl/deps/nomad.3.9.1/examples/advanced/plot/problems/02/front.txt  
   creating: /home/pascpier/Documents/NOMAD.jl/deps/nomad.3.9.1/examples/advanced/categorical/
   creating: /home/pascpier/Documents/NOMAD.jl/deps/nomad.3.9.1/examples/advanced/categorical/single_obj/
  inflating: /home/pascpier/Documents/NOMAD.jl/deps/nomad.3.9.1/examples/advanced/categorical/single_obj/categorical.cpp  
  inflating: /home/pascpier/Documents/NOMAD.jl/deps/nomad.3.9.1/examples/advanced/categorical/single_obj/runExample.log  
  inflating: /home/pascpier/Documents/NOMAD.jl/deps/nomad.3.9.1/examples/advanced/categorical/single_obj/Makefile.in  
   creating: /home/pascpier/Documents/NOMAD.jl/deps/nomad.3.9.1/examples/advanced/categorical/batch/
  inflating: /home/pascpier/Documents/NOMAD.jl/deps/nomad.3.9.1/examples/advanced/categorical/batch/bb.cpp  
  inflating: /home/pascpier/Documents/NOMAD.jl/deps/nomad.3.9.1/examples/advanced/categorical/batch/runExample.log  
  inflating: /home/pascpier/Documents/NOMAD.jl/deps/nomad.3.9.1/examples/advanced/categorical/batch/neighbors.cpp  
 extracting: /home/pascpier/Documents/NOMAD.jl/deps/nomad.3.9.1/examples/advanced/categorical/batch/x.txt  
  inflating: /home/pascpier/Documents/NOMAD.jl/deps/nomad.3.9.1/examples/advanced/categorical/batch/param_test_XMesh.txt  
  inflating: /home/pascpier/Documents/NOMAD.jl/deps/nomad.3.9.1/examples/advanced/categorical/batch/x0.txt  
  inflating: /home/pascpier/Documents/NOMAD.jl/deps/nomad.3.9.1/examples/advanced/categorical/batch/readme.txt  
  inflating: /home/pascpier/Documents/NOMAD.jl/deps/nomad.3.9.1/examples/advanced/categorical/batch/param_test_parallel.txt  
  inflating: /home/pascpier/Documents/NOMAD.jl/deps/nomad.3.9.1/examples/advanced/categorical/batch/neighbors.py  
  inflating: /home/pascpier/Documents/NOMAD.jl/deps/nomad.3.9.1/examples/advanced/categorical/batch/param.txt  
   creating: /home/pascpier/Documents/NOMAD.jl/deps/nomad.3.9.1/examples/advanced/categorical/bi_obj/
  inflating: /home/pascpier/Documents/NOMAD.jl/deps/nomad.3.9.1/examples/advanced/categorical/bi_obj/categorical.cpp  
  inflating: /home/pascpier/Documents/NOMAD.jl/deps/nomad.3.9.1/examples/advanced/categorical/bi_obj/Makefile.in  
  inflating: /home/pascpier/Documents/NOMAD.jl/deps/nomad.3.9.1/examples/advanced/categorical/bi_obj/runExample.log  
   creating: /home/pascpier/Documents/NOMAD.jl/deps/nomad.3.9.1/examples/advanced/categorical/single_obj_parallel/
  inflating: /home/pascpier/Documents/NOMAD.jl/deps/nomad.3.9.1/examples/advanced/categorical/single_obj_parallel/categorical.cpp  
  inflating: /home/pascpier/Documents/NOMAD.jl/deps/nomad.3.9.1/examples/advanced/categorical/single_obj_parallel/Makefile.in  
   creating: /home/pascpier/Documents/NOMAD.jl/deps/nomad.3.9.1/examples/advanced/categorical/bi_obj_parallel/
  inflating: /home/pascpier/Documents/NOMAD.jl/deps/nomad.3.9.1/examples/advanced/categorical/bi_obj_parallel/Makefile.in  
  inflating: /home/pascpier/Documents/NOMAD.jl/deps/nomad.3.9.1/examples/advanced/categorical/bi_obj_parallel/categorical.cpp  
   creating: /home/pascpier/Documents/NOMAD.jl/deps/nomad.3.9.1/examples/advanced/categorical/HeatShield/
  inflating: /home/pascpier/Documents/NOMAD.jl/deps/nomad.3.9.1/examples/advanced/categorical/HeatShield/HS_Param.cpp  
  inflating: /home/pascpier/Documents/NOMAD.jl/deps/nomad.3.9.1/examples/advanced/categorical/HeatShield/Makefile.in  
  inflating: /home/pascpier/Documents/NOMAD.jl/deps/nomad.3.9.1/examples/advanced/categorical/HeatShield/HS_Param.hpp  
  inflating: /home/pascpier/Documents/NOMAD.jl/deps/nomad.3.9.1/examples/advanced/categorical/HeatShield/HS_Material.hpp  
  inflating: /home/pascpier/Documents/NOMAD.jl/deps/nomad.3.9.1/examples/advanced/categorical/HeatShield/HS_Material.cpp  
  inflating: /home/pascpier/Documents/NOMAD.jl/deps/nomad.3.9.1/examples/advanced/categorical/HeatShield/nomad_HS.cpp  
   creating: /home/pascpier/Documents/NOMAD.jl/deps/nomad.3.9.1/examples/advanced/multi_start/
  inflating: /home/pascpier/Documents/NOMAD.jl/deps/nomad.3.9.1/examples/advanced/multi_start/Makefile.in  
  inflating: /home/pascpier/Documents/NOMAD.jl/deps/nomad.3.9.1/examples/advanced/multi_start/runExample.log  
  inflating: /home/pascpier/Documents/NOMAD.jl/deps/nomad.3.9.1/examples/advanced/multi_start/multi.cpp  
  inflating: /home/pascpier/Documents/NOMAD.jl/deps/nomad.3.9.1/examples/advanced/multi_start/best_x.txt  
  inflating: /home/pascpier/Documents/NOMAD.jl/deps/nomad.3.9.1/examples/advanced/multi_start/param.txt  
   creating: /home/pascpier/Documents/NOMAD.jl/deps/nomad.3.9.1/examples/advanced/user_search/
  inflating: /home/pascpier/Documents/NOMAD.jl/deps/nomad.3.9.1/examples/advanced/user_search/Makefile.in  
  inflating: /home/pascpier/Documents/NOMAD.jl/deps/nomad.3.9.1/examples/advanced/user_search/user_search_sin.cpp  
  inflating: /home/pascpier/Documents/NOMAD.jl/deps/nomad.3.9.1/examples/advanced/user_search/user_search_beale.cpp  
  inflating: /home/pascpier/Documents/NOMAD.jl/deps/nomad.3.9.1/examples/advanced/user_search/user_search.cpp  
  inflating: /home/pascpier/Documents/NOMAD.jl/deps/nomad.3.9.1/examples/advanced/user_search/user_search_rosenbrock.cpp  
  inflating: /home/pascpier/Documents/NOMAD.jl/deps/nomad.3.9.1/examples/advanced/user_search/runExample.log  
   creating: /home/pascpier/Documents/NOMAD.jl/deps/nomad.3.9.1/examples/advanced/restart/
  inflating: /home/pascpier/Documents/NOMAD.jl/deps/nomad.3.9.1/examples/advanced/restart/runExample.log  
  inflating: /home/pascpier/Documents/NOMAD.jl/deps/nomad.3.9.1/examples/advanced/restart/restart.cpp  
  inflating: /home/pascpier/Documents/NOMAD.jl/deps/nomad.3.9.1/examples/advanced/restart/Makefile.in  
   creating: /home/pascpier/Documents/NOMAD.jl/deps/nomad.3.9.1/examples/interfaces/
   creating: /home/pascpier/Documents/NOMAD.jl/deps/nomad.3.9.1/examples/interfaces/AMPL/
   creating: /home/pascpier/Documents/NOMAD.jl/deps/nomad.3.9.1/examples/interfaces/AMPL/model/
  inflating: /home/pascpier/Documents/NOMAD.jl/deps/nomad.3.9.1/examples/interfaces/AMPL/model/optrisk.mod  
  inflating: /home/pascpier/Documents/NOMAD.jl/deps/nomad.3.9.1/examples/interfaces/AMPL/model/optrisk.nl  
  inflating: /home/pascpier/Documents/NOMAD.jl/deps/nomad.3.9.1/examples/interfaces/AMPL/runExample.log  
   creating: /home/pascpier/Documents/NOMAD.jl/deps/nomad.3.9.1/examples/interfaces/AMPL/points/
  inflating: /home/pascpier/Documents/NOMAD.jl/deps/nomad.3.9.1/examples/interfaces/AMPL/points/lb.txt  
  inflating: /home/pascpier/Documents/NOMAD.jl/deps/nomad.3.9.1/examples/interfaces/AMPL/points/ub.txt  
  inflating: /home/pascpier/Documents/NOMAD.jl/deps/nomad.3.9.1/examples/interfaces/AMPL/points/x0.txt  
  inflating: /home/pascpier/Documents/NOMAD.jl/deps/nomad.3.9.1/examples/interfaces/AMPL/Makefile.in  
  inflating: /home/pascpier/Documents/NOMAD.jl/deps/nomad.3.9.1/examples/interfaces/AMPL/param.txt  
  inflating: /home/pascpier/Documents/NOMAD.jl/deps/nomad.3.9.1/examples/interfaces/AMPL/bb.c  
  inflating: /home/pascpier/Documents/NOMAD.jl/deps/nomad.3.9.1/examples/interfaces/AMPL/readme.txt  
   creating: /home/pascpier/Documents/NOMAD.jl/deps/nomad.3.9.1/examples/interfaces/pyNomad_Beta/
  inflating: /home/pascpier/Documents/NOMAD.jl/deps/nomad.3.9.1/examples/interfaces/pyNomad_Beta/runTest_history_plot.py  
  inflating: /home/pascpier/Documents/NOMAD.jl/deps/nomad.3.9.1/examples/interfaces/pyNomad_Beta/runTest_BlockEval.py  
  inflating: /home/pascpier/Documents/NOMAD.jl/deps/nomad.3.9.1/examples/interfaces/pyNomad_Beta/runTest_StaticSurrogate.py  
  inflating: /home/pascpier/Documents/NOMAD.jl/deps/nomad.3.9.1/examples/interfaces/pyNomad_Beta/setup_PyNomad.py  
  inflating: /home/pascpier/Documents/NOMAD.jl/deps/nomad.3.9.1/examples/interfaces/pyNomad_Beta/runTest.py  
  inflating: /home/pascpier/Documents/NOMAD.jl/deps/nomad.3.9.1/examples/interfaces/pyNomad_Beta/PyNomad.pyx  
  inflating: /home/pascpier/Documents/NOMAD.jl/deps/nomad.3.9.1/examples/interfaces/pyNomad_Beta/nomadCySimpleInterface.cpp  
  inflating: /home/pascpier/Documents/NOMAD.jl/deps/nomad.3.9.1/examples/interfaces/pyNomad_Beta/runTest_2.py  
  inflating: /home/pascpier/Documents/NOMAD.jl/deps/nomad.3.9.1/examples/interfaces/pyNomad_Beta/runTest_BlockEval_StaticSurrogate.py  
  inflating: /home/pascpier/Documents/NOMAD.jl/deps/nomad.3.9.1/examples/interfaces/pyNomad_Beta/readme  
  inflating: /home/pascpier/Documents/NOMAD.jl/deps/nomad.3.9.1/examples/interfaces/pyNomad_Beta/runTestInfoHelp.py  
   creating: /home/pascpier/Documents/NOMAD.jl/deps/nomad.3.9.1/examples/interfaces/Matlab_Engine/
  inflating: /home/pascpier/Documents/NOMAD.jl/deps/nomad.3.9.1/examples/interfaces/Matlab_Engine/engdemo.c  
  inflating: /home/pascpier/Documents/NOMAD.jl/deps/nomad.3.9.1/examples/interfaces/Matlab_Engine/engopts.sh  
   creating: /home/pascpier/Documents/NOMAD.jl/deps/nomad.3.9.1/examples/interfaces/NOMAD2/
  inflating: /home/pascpier/Documents/NOMAD.jl/deps/nomad.3.9.1/examples/interfaces/NOMAD2/readme.txt  
  inflating: /home/pascpier/Documents/NOMAD.jl/deps/nomad.3.9.1/examples/interfaces/NOMAD2/bb.cpp  
 extracting: /home/pascpier/Documents/NOMAD.jl/deps/nomad.3.9.1/examples/interfaces/NOMAD2/input.txt  
   creating: /home/pascpier/Documents/NOMAD.jl/deps/nomad.3.9.1/examples/interfaces/NOMAD2/HS23/
  inflating: /home/pascpier/Documents/NOMAD.jl/deps/nomad.3.9.1/examples/interfaces/NOMAD2/HS23/compile  
  inflating: /home/pascpier/Documents/NOMAD.jl/deps/nomad.3.9.1/examples/interfaces/NOMAD2/HS23/results.1.txt  
 extracting: /home/pascpier/Documents/NOMAD.jl/deps/nomad.3.9.1/examples/interfaces/NOMAD2/HS23/start_pt.txt  
  inflating: /home/pascpier/Documents/NOMAD.jl/deps/nomad.3.9.1/examples/interfaces/NOMAD2/HS23/cons1.cpp  
  inflating: /home/pascpier/Documents/NOMAD.jl/deps/nomad.3.9.1/examples/interfaces/NOMAD2/HS23/bounds.txt  
  inflating: /home/pascpier/Documents/NOMAD.jl/deps/nomad.3.9.1/examples/interfaces/NOMAD2/HS23/cons3.cpp  
  inflating: /home/pascpier/Documents/NOMAD.jl/deps/nomad.3.9.1/examples/interfaces/NOMAD2/HS23/gen_cons.txt  
  inflating: /home/pascpier/Documents/NOMAD.jl/deps/nomad.3.9.1/examples/interfaces/NOMAD2/HS23/truth.cpp  
  inflating: /home/pascpier/Documents/NOMAD.jl/deps/nomad.3.9.1/examples/interfaces/NOMAD2/HS23/description.dat  
  inflating: /home/pascpier/Documents/NOMAD.jl/deps/nomad.3.9.1/examples/interfaces/NOMAD2/HS23/cons2.cpp  
  inflating: /home/pascpier/Documents/NOMAD.jl/deps/nomad.3.9.1/examples/interfaces/NOMAD2/HS23/parameters.dat  
  inflating: /home/pascpier/Documents/NOMAD.jl/deps/nomad.3.9.1/examples/interfaces/NOMAD2/reader.cpp  
  inflating: /home/pascpier/Documents/NOMAD.jl/deps/nomad.3.9.1/examples/interfaces/NOMAD2/param.txt  
  inflating: /home/pascpier/Documents/NOMAD.jl/deps/nomad.3.9.1/examples/interfaces/NOMAD2/runExample.log  
   creating: /home/pascpier/Documents/NOMAD.jl/deps/nomad.3.9.1/examples/interfaces/FORTRAN/
   creating: /home/pascpier/Documents/NOMAD.jl/deps/nomad.3.9.1/examples/interfaces/FORTRAN/example2/
  inflating: /home/pascpier/Documents/NOMAD.jl/deps/nomad.3.9.1/examples/interfaces/FORTRAN/example2/nomad.cpp  
  inflating: /home/pascpier/Documents/NOMAD.jl/deps/nomad.3.9.1/examples/interfaces/FORTRAN/example2/test.f  
  inflating: /home/pascpier/Documents/NOMAD.jl/deps/nomad.3.9.1/examples/interfaces/FORTRAN/example2/Makefile.in  
  inflating: /home/pascpier/Documents/NOMAD.jl/deps/nomad.3.9.1/examples/interfaces/FORTRAN/example2/readme.txt  
  inflating: /home/pascpier/Documents/NOMAD.jl/deps/nomad.3.9.1/examples/interfaces/FORTRAN/example2/runExample.log  
   creating: /home/pascpier/Documents/NOMAD.jl/deps/nomad.3.9.1/examples/interfaces/FORTRAN/example1/
  inflating: /home/pascpier/Documents/NOMAD.jl/deps/nomad.3.9.1/examples/interfaces/FORTRAN/example1/test.cpp  
  inflating: /home/pascpier/Documents/NOMAD.jl/deps/nomad.3.9.1/examples/interfaces/FORTRAN/example1/bb.f  
  inflating: /home/pascpier/Documents/NOMAD.jl/deps/nomad.3.9.1/examples/interfaces/FORTRAN/example1/readme.txt  
  inflating: /home/pascpier/Documents/NOMAD.jl/deps/nomad.3.9.1/examples/interfaces/FORTRAN/example1/runExample.log  
  inflating: /home/pascpier/Documents/NOMAD.jl/deps/nomad.3.9.1/examples/interfaces/FORTRAN/example1/Makefile.in  
   creating: /home/pascpier/Documents/NOMAD.jl/deps/nomad.3.9.1/examples/interfaces/FORTRAN/example3/
  inflating: /home/pascpier/Documents/NOMAD.jl/deps/nomad.3.9.1/examples/interfaces/FORTRAN/example3/nomad.cpp  
  inflating: /home/pascpier/Documents/NOMAD.jl/deps/nomad.3.9.1/examples/interfaces/FORTRAN/example3/readme.txt  
  inflating: /home/pascpier/Documents/NOMAD.jl/deps/nomad.3.9.1/examples/interfaces/FORTRAN/example3/runExample.log  
 extracting: /home/pascpier/Documents/NOMAD.jl/deps/nomad.3.9.1/examples/interfaces/FORTRAN/example3/param.txt  
  inflating: /home/pascpier/Documents/NOMAD.jl/deps/nomad.3.9.1/examples/interfaces/FORTRAN/example3/test.f  
  inflating: /home/pascpier/Documents/NOMAD.jl/deps/nomad.3.9.1/examples/interfaces/FORTRAN/example3/Makefile.in  
   creating: /home/pascpier/Documents/NOMAD.jl/deps/nomad.3.9.1/examples/interfaces/CUTEr/
  inflating: /home/pascpier/Documents/NOMAD.jl/deps/nomad.3.9.1/examples/interfaces/CUTEr/param.txt  
  inflating: /home/pascpier/Documents/NOMAD.jl/deps/nomad.3.9.1/examples/interfaces/CUTEr/bb.c  
  inflating: /home/pascpier/Documents/NOMAD.jl/deps/nomad.3.9.1/examples/interfaces/CUTEr/compile  
  inflating: /home/pascpier/Documents/NOMAD.jl/deps/nomad.3.9.1/examples/interfaces/CUTEr/PROBLEM.SIF  
  inflating: /home/pascpier/Documents/NOMAD.jl/deps/nomad.3.9.1/examples/interfaces/CUTEr/readme.txt  
  inflating: /home/pascpier/Documents/NOMAD.jl/deps/nomad.3.9.1/examples/interfaces/CUTEr/runExample.log  
  inflating: /home/pascpier/Documents/NOMAD.jl/deps/nomad.3.9.1/examples/interfaces/CUTEr/x0.txt  
   creating: /home/pascpier/Documents/NOMAD.jl/deps/nomad.3.9.1/examples/interfaces/GAMS/
  inflating: /home/pascpier/Documents/NOMAD.jl/deps/nomad.3.9.1/examples/interfaces/GAMS/bb.cpp  
  inflating: /home/pascpier/Documents/NOMAD.jl/deps/nomad.3.9.1/examples/interfaces/GAMS/bb.gms  
  inflating: /home/pascpier/Documents/NOMAD.jl/deps/nomad.3.9.1/examples/interfaces/GAMS/param.txt  
   creating: /home/pascpier/Documents/NOMAD.jl/deps/nomad.3.9.1/examples/interfaces/GAMS/points/
  inflating: /home/pascpier/Documents/NOMAD.jl/deps/nomad.3.9.1/examples/interfaces/GAMS/points/x1.txt  
  inflating: /home/pascpier/Documents/NOMAD.jl/deps/nomad.3.9.1/examples/interfaces/GAMS/points/x0.txt  
  inflating: /home/pascpier/Documents/NOMAD.jl/deps/nomad.3.9.1/examples/interfaces/GAMS/points/x2.txt  
  inflating: /home/pascpier/Documents/NOMAD.jl/deps/nomad.3.9.1/examples/interfaces/GAMS/ed.hup  
  inflating: /home/pascpier/Documents/NOMAD.jl/deps/nomad.3.9.1/examples/interfaces/GAMS/x0.txt  
  inflating: /home/pascpier/Documents/NOMAD.jl/deps/nomad.3.9.1/examples/interfaces/GAMS/ub.txt  
  inflating: /home/pascpier/Documents/NOMAD.jl/deps/nomad.3.9.1/examples/interfaces/GAMS/readme.txt  
  inflating: /home/pascpier/Documents/NOMAD.jl/deps/nomad.3.9.1/examples/interfaces/GAMS/lb.txt  
   creating: /home/pascpier/Documents/NOMAD.jl/deps/nomad.3.9.1/examples/interfaces/DLL/
   creating: /home/pascpier/Documents/NOMAD.jl/deps/nomad.3.9.1/examples/interfaces/DLL/bi_obj/
  inflating: /home/pascpier/Documents/NOMAD.jl/deps/nomad.3.9.1/examples/interfaces/DLL/bi_obj/bb.dll  
  inflating: /home/pascpier/Documents/NOMAD.jl/deps/nomad.3.9.1/examples/interfaces/DLL/bi_obj/nomad_for_DLL.cpp  
  inflating: /home/pascpier/Documents/NOMAD.jl/deps/nomad.3.9.1/examples/interfaces/DLL/bi_obj/readme.txt  
  inflating: /home/pascpier/Documents/NOMAD.jl/deps/nomad.3.9.1/examples/interfaces/DLL/bi_obj/param.txt  
  inflating: /home/pascpier/Documents/NOMAD.jl/deps/nomad.3.9.1/examples/interfaces/DLL/bi_obj/Makefile.in  
   creating: /home/pascpier/Documents/NOMAD.jl/deps/nomad.3.9.1/examples/interfaces/DLL/single_obj/
  inflating: /home/pascpier/Documents/NOMAD.jl/deps/nomad.3.9.1/examples/interfaces/DLL/single_obj/bb.dll  
  inflating: /home/pascpier/Documents/NOMAD.jl/deps/nomad.3.9.1/examples/interfaces/DLL/single_obj/Makefile.in  
  inflating: /home/pascpier/Documents/NOMAD.jl/deps/nomad.3.9.1/examples/interfaces/DLL/single_obj/param.txt  
  inflating: /home/pascpier/Documents/NOMAD.jl/deps/nomad.3.9.1/examples/interfaces/DLL/single_obj/nomad_for_DLL.cpp  
  inflating: /home/pascpier/Documents/NOMAD.jl/deps/nomad.3.9.1/examples/interfaces/DLL/single_obj/readme.txt  
   creating: /home/pascpier/Documents/NOMAD.jl/deps/nomad.3.9.1/examples/interfaces/Matlab_MEX/
   creating: /home/pascpier/Documents/NOMAD.jl/deps/nomad.3.9.1/examples/interfaces/Matlab_MEX/Functions/
  inflating: /home/pascpier/Documents/NOMAD.jl/deps/nomad.3.9.1/examples/interfaces/Matlab_MEX/Functions/nomad.m  
  inflating: /home/pascpier/Documents/NOMAD.jl/deps/nomad.3.9.1/examples/interfaces/Matlab_MEX/Functions/nomadset.m  
  inflating: /home/pascpier/Documents/NOMAD.jl/deps/nomad.3.9.1/examples/interfaces/Matlab_MEX/test_nomad_gerad.m  
   creating: /home/pascpier/Documents/NOMAD.jl/deps/nomad.3.9.1/examples/interfaces/Matlab_MEX/example_sgtelib/
  inflating: /home/pascpier/Documents/NOMAD.jl/deps/nomad.3.9.1/examples/interfaces/Matlab_MEX/example_sgtelib/param.txt  
  inflating: /home/pascpier/Documents/NOMAD.jl/deps/nomad.3.9.1/examples/interfaces/Matlab_MEX/example_sgtelib/bb.m  
  inflating: /home/pascpier/Documents/NOMAD.jl/deps/nomad.3.9.1/examples/interfaces/Matlab_MEX/example_sgtelib/run.m  
   creating: /home/pascpier/Documents/NOMAD.jl/deps/nomad.3.9.1/examples/interfaces/Matlab_MEX/Source/
  inflating: /home/pascpier/Documents/NOMAD.jl/deps/nomad.3.9.1/examples/interfaces/Matlab_MEX/Source/nomadmex.cpp  
   creating: /home/pascpier/Documents/NOMAD.jl/deps/nomad.3.9.1/examples/interfaces/Matlab_MEX/example_group_variables/
  inflating: /home/pascpier/Documents/NOMAD.jl/deps/nomad.3.9.1/examples/interfaces/Matlab_MEX/example_group_variables/test.m  
  inflating: /home/pascpier/Documents/NOMAD.jl/deps/nomad.3.9.1/examples/interfaces/Matlab_MEX/example_group_variables/param.txt  
   creating: /home/pascpier/Documents/NOMAD.jl/deps/nomad.3.9.1/examples/interfaces/Matlab_MEX/example_extra_param/
  inflating: /home/pascpier/Documents/NOMAD.jl/deps/nomad.3.9.1/examples/interfaces/Matlab_MEX/example_extra_param/bb.m  
  inflating: /home/pascpier/Documents/NOMAD.jl/deps/nomad.3.9.1/examples/interfaces/Matlab_MEX/example_extra_param/run_nomad.m  
   creating: /home/pascpier/Documents/NOMAD.jl/deps/nomad.3.9.1/examples/interfaces/Matlab_MEX/example_int_variables/
  inflating: /home/pascpier/Documents/NOMAD.jl/deps/nomad.3.9.1/examples/interfaces/Matlab_MEX/example_int_variables/run.m  
  inflating: /home/pascpier/Documents/NOMAD.jl/deps/nomad.3.9.1/examples/interfaces/Matlab_MEX/example_int_variables/param.txt  
   creating: /home/pascpier/Documents/NOMAD.jl/deps/nomad.3.9.1/examples/interfaces/Matlab_MEX/example_plot/
  inflating: /home/pascpier/Documents/NOMAD.jl/deps/nomad.3.9.1/examples/interfaces/Matlab_MEX/example_plot/fun.m  
  inflating: /home/pascpier/Documents/NOMAD.jl/deps/nomad.3.9.1/examples/interfaces/Matlab_MEX/example_plot/run_nomad.m  
   creating: /home/pascpier/Documents/NOMAD.jl/deps/nomad.3.9.1/examples/interfaces/Matlab_MEX/example_categorical/
  inflating: /home/pascpier/Documents/NOMAD.jl/deps/nomad.3.9.1/examples/interfaces/Matlab_MEX/example_categorical/neighbors.m  
  inflating: /home/pascpier/Documents/NOMAD.jl/deps/nomad.3.9.1/examples/interfaces/Matlab_MEX/example_categorical/run_nomad.m  
  inflating: /home/pascpier/Documents/NOMAD.jl/deps/nomad.3.9.1/examples/interfaces/Matlab_MEX/example_categorical/fun.m  
  inflating: /home/pascpier/Documents/NOMAD.jl/deps/nomad.3.9.1/examples/interfaces/Matlab_MEX/GERAD_NOMAD_build.m  
   creating: /home/pascpier/Documents/NOMAD.jl/deps/nomad.3.9.1/examples/interfaces/Matlab_MEX/example_static_surrogate/
  inflating: /home/pascpier/Documents/NOMAD.jl/deps/nomad.3.9.1/examples/interfaces/Matlab_MEX/example_static_surrogate/run_nomad.m  
  inflating: /home/pascpier/Documents/NOMAD.jl/deps/nomad.3.9.1/examples/interfaces/Matlab_MEX/example_static_surrogate/bbsur.m  
   creating: /home/pascpier/Documents/NOMAD.jl/deps/nomad.3.9.1/examples/interfaces/Matlab_MEX/example_block_eval/
  inflating: /home/pascpier/Documents/NOMAD.jl/deps/nomad.3.9.1/examples/interfaces/Matlab_MEX/example_block_eval/fun.m  
  inflating: /home/pascpier/Documents/NOMAD.jl/deps/nomad.3.9.1/examples/interfaces/Matlab_MEX/example_block_eval/run_nomad.m  
   creating: /home/pascpier/Documents/NOMAD.jl/deps/nomad.3.9.1/examples/basic/
   creating: /home/pascpier/Documents/NOMAD.jl/deps/nomad.3.9.1/examples/basic/batch/
   creating: /home/pascpier/Documents/NOMAD.jl/deps/nomad.3.9.1/examples/basic/batch/single_obj/
  inflating: /home/pascpier/Documents/NOMAD.jl/deps/nomad.3.9.1/examples/basic/batch/single_obj/param.txt  
  inflating: /home/pascpier/Documents/NOMAD.jl/deps/nomad.3.9.1/examples/basic/batch/single_obj/bb.cpp  
   creating: /home/pascpier/Documents/NOMAD.jl/deps/nomad.3.9.1/examples/basic/batch/bi_obj/
  inflating: /home/pascpier/Documents/NOMAD.jl/deps/nomad.3.9.1/examples/basic/batch/bi_obj/plot_front.m  
  inflating: /home/pascpier/Documents/NOMAD.jl/deps/nomad.3.9.1/examples/basic/batch/bi_obj/param.txt  
  inflating: /home/pascpier/Documents/NOMAD.jl/deps/nomad.3.9.1/examples/basic/batch/bi_obj/bb.cpp  
   creating: /home/pascpier/Documents/NOMAD.jl/deps/nomad.3.9.1/examples/basic/batch/single_obj_parallel/
  inflating: /home/pascpier/Documents/NOMAD.jl/deps/nomad.3.9.1/examples/basic/batch/single_obj_parallel/param.txt  
  inflating: /home/pascpier/Documents/NOMAD.jl/deps/nomad.3.9.1/examples/basic/batch/single_obj_parallel/bb_parallel.cpp  
  inflating: /home/pascpier/Documents/NOMAD.jl/deps/nomad.3.9.1/examples/basic/batch/single_obj_parallel/bb.cpp  
  inflating: /home/pascpier/Documents/NOMAD.jl/deps/nomad.3.9.1/examples/basic/batch/single_obj_parallel/parallel_BBWrapper.pl  
   creating: /home/pascpier/Documents/NOMAD.jl/deps/nomad.3.9.1/examples/basic/batch/single_obj_sgtelib/
  inflating: /home/pascpier/Documents/NOMAD.jl/deps/nomad.3.9.1/examples/basic/batch/single_obj_sgtelib/bb.cpp  
  inflating: /home/pascpier/Documents/NOMAD.jl/deps/nomad.3.9.1/examples/basic/batch/single_obj_sgtelib/x0.txt  
  inflating: /home/pascpier/Documents/NOMAD.jl/deps/nomad.3.9.1/examples/basic/batch/single_obj_sgtelib/param.txt  
   creating: /home/pascpier/Documents/NOMAD.jl/deps/nomad.3.9.1/examples/basic/library/
   creating: /home/pascpier/Documents/NOMAD.jl/deps/nomad.3.9.1/examples/basic/library/bi_obj/
  inflating: /home/pascpier/Documents/NOMAD.jl/deps/nomad.3.9.1/examples/basic/library/bi_obj/Makefile.in  
  inflating: /home/pascpier/Documents/NOMAD.jl/deps/nomad.3.9.1/examples/basic/library/bi_obj/basic_lib.cpp  
   creating: /home/pascpier/Documents/NOMAD.jl/deps/nomad.3.9.1/examples/basic/library/single_obj_parallel/
  inflating: /home/pascpier/Documents/NOMAD.jl/deps/nomad.3.9.1/examples/basic/library/single_obj_parallel/basic_lib.cpp  
  inflating: /home/pascpier/Documents/NOMAD.jl/deps/nomad.3.9.1/examples/basic/library/single_obj_parallel/Makefile.in  
   creating: /home/pascpier/Documents/NOMAD.jl/deps/nomad.3.9.1/examples/basic/library/single_obj_sgtelib/
  inflating: /home/pascpier/Documents/NOMAD.jl/deps/nomad.3.9.1/examples/basic/library/single_obj_sgtelib/sgtelib_param.txt  
  inflating: /home/pascpier/Documents/NOMAD.jl/deps/nomad.3.9.1/examples/basic/library/single_obj_sgtelib/basic_lib.cpp  
  inflating: /home/pascpier/Documents/NOMAD.jl/deps/nomad.3.9.1/examples/basic/library/single_obj_sgtelib/Makefile.in  
   creating: /home/pascpier/Documents/NOMAD.jl/deps/nomad.3.9.1/examples/basic/library/single_obj/
  inflating: /home/pascpier/Documents/NOMAD.jl/deps/nomad.3.9.1/examples/basic/library/single_obj/Makefile.in  
  inflating: /home/pascpier/Documents/NOMAD.jl/deps/nomad.3.9.1/examples/basic/library/single_obj/basic_lib.cpp  
  inflating: /home/pascpier/Documents/NOMAD.jl/deps/nomad.3.9.1/LICENSE  
  inflating: /home/pascpier/Documents/NOMAD.jl/deps/nomad.3.9.1/README.txt  
   creating: /home/pascpier/Documents/NOMAD.jl/deps/nomad.3.9.1/doc/
   creating: /home/pascpier/Documents/NOMAD.jl/deps/nomad.3.9.1/doc/logos/
  inflating: /home/pascpier/Documents/NOMAD.jl/deps/nomad.3.9.1/doc/logos/nomad_logo.bmp  
  inflating: /home/pascpier/Documents/NOMAD.jl/deps/nomad.3.9.1/doc/logos/nomadTransp.icns  
  inflating: /home/pascpier/Documents/NOMAD.jl/deps/nomad.3.9.1/doc/logos/Nomad_background.jpg  
  inflating: /home/pascpier/Documents/NOMAD.jl/deps/nomad.3.9.1/doc/logos/nomad_logo.jpg  
  inflating: /home/pascpier/Documents/NOMAD.jl/deps/nomad.3.9.1/doc/logos/nomadIcon.ico  
  inflating: /home/pascpier/Documents/NOMAD.jl/deps/nomad.3.9.1/doc/source_documentation.html  
  inflating: /home/pascpier/Documents/NOMAD.jl/deps/nomad.3.9.1/doc/user_guide.pdf  
  inflating: /home/pascpier/Documents/NOMAD.jl/deps/nomad.3.9.1/configure  
   creating: /home/pascpier/Documents/NOMAD.jl/deps/nomad.3.9.1/ext/
   creating: /home/pascpier/Documents/NOMAD.jl/deps/nomad.3.9.1/ext/sgtelib/
   creating: /home/pascpier/Documents/NOMAD.jl/deps/nomad.3.9.1/ext/sgtelib/lib/
   creating: /home/pascpier/Documents/NOMAD.jl/deps/nomad.3.9.1/ext/sgtelib/user_guide/
  inflating: /home/pascpier/Documents/NOMAD.jl/deps/nomad.3.9.1/ext/sgtelib/user_guide/sgtelib_user_guide.pdf  
   creating: /home/pascpier/Documents/NOMAD.jl/deps/nomad.3.9.1/ext/sgtelib/matlab_server/
  inflating: /home/pascpier/Documents/NOMAD.jl/deps/nomad.3.9.1/ext/sgtelib/matlab_server/sgtelib_server_start.m  
  inflating: /home/pascpier/Documents/NOMAD.jl/deps/nomad.3.9.1/ext/sgtelib/matlab_server/sgtelib_server_predict.m  
  inflating: /home/pascpier/Documents/NOMAD.jl/deps/nomad.3.9.1/ext/sgtelib/matlab_server/sgtelib_server_reset.m  
  inflating: /home/pascpier/Documents/NOMAD.jl/deps/nomad.3.9.1/ext/sgtelib/matlab_server/sgtelib_server_ping.m  
  inflating: /home/pascpier/Documents/NOMAD.jl/deps/nomad.3.9.1/ext/sgtelib/matlab_server/sgtelib_server_newdata.m  
  inflating: /home/pascpier/Documents/NOMAD.jl/deps/nomad.3.9.1/ext/sgtelib/matlab_server/sgtelib_server_write_matrix.m  
  inflating: /home/pascpier/Documents/NOMAD.jl/deps/nomad.3.9.1/ext/sgtelib/matlab_server/sgtelib_server_wait_file.m  
  inflating: /home/pascpier/Documents/NOMAD.jl/deps/nomad.3.9.1/ext/sgtelib/matlab_server/sgtelib_server_info.m  
  inflating: /home/pascpier/Documents/NOMAD.jl/deps/nomad.3.9.1/ext/sgtelib/matlab_server/sgtelib_server_cv.m  
  inflating: /home/pascpier/Documents/NOMAD.jl/deps/nomad.3.9.1/ext/sgtelib/matlab_server/sgtelib_server_stop.m  
  inflating: /home/pascpier/Documents/NOMAD.jl/deps/nomad.3.9.1/ext/sgtelib/matlab_server/sgtelib_server_read_matrix.m  
  inflating: /home/pascpier/Documents/NOMAD.jl/deps/nomad.3.9.1/ext/sgtelib/matlab_server/sgtelib_server_ready.m  
  inflating: /home/pascpier/Documents/NOMAD.jl/deps/nomad.3.9.1/ext/sgtelib/matlab_server/sgtelib_server_metric.m  
  inflating: /home/pascpier/Documents/NOMAD.jl/deps/nomad.3.9.1/ext/sgtelib/matlab_server/sgtelib_server_example.m  
   creating: /home/pascpier/Documents/NOMAD.jl/deps/nomad.3.9.1/ext/sgtelib/src/
  inflating: /home/pascpier/Documents/NOMAD.jl/deps/nomad.3.9.1/ext/sgtelib/src/Surrogate_PRS_EDGE.hpp  
  inflating: /home/pascpier/Documents/NOMAD.jl/deps/nomad.3.9.1/ext/sgtelib/src/Surrogate_KS.hpp  
  inflating: /home/pascpier/Documents/NOMAD.jl/deps/nomad.3.9.1/ext/sgtelib/src/Surrogate_PRS.hpp  
  inflating: /home/pascpier/Documents/NOMAD.jl/deps/nomad.3.9.1/ext/sgtelib/src/Surrogate_RBF.hpp  
  inflating: /home/pascpier/Documents/NOMAD.jl/deps/nomad.3.9.1/ext/sgtelib/src/Surrogate_LOWESS.hpp  
  inflating: /home/pascpier/Documents/NOMAD.jl/deps/nomad.3.9.1/ext/sgtelib/src/sgtelib_help.hpp  
  inflating: /home/pascpier/Documents/NOMAD.jl/deps/nomad.3.9.1/ext/sgtelib/src/Surrogate_PRS.cpp  
  inflating: /home/pascpier/Documents/NOMAD.jl/deps/nomad.3.9.1/ext/sgtelib/src/Surrogate_KS.cpp  
  inflating: /home/pascpier/Documents/NOMAD.jl/deps/nomad.3.9.1/ext/sgtelib/src/Surrogate_RBF.cpp  
  inflating: /home/pascpier/Documents/NOMAD.jl/deps/nomad.3.9.1/ext/sgtelib/src/Surrogate_PRS_EDGE.cpp  
  inflating: /home/pascpier/Documents/NOMAD.jl/deps/nomad.3.9.1/ext/sgtelib/src/sgtelib_help.cpp  
  inflating: /home/pascpier/Documents/NOMAD.jl/deps/nomad.3.9.1/ext/sgtelib/src/Surrogate_LOWESS.cpp  
  inflating: /home/pascpier/Documents/NOMAD.jl/deps/nomad.3.9.1/ext/sgtelib/src/Surrogate_Parameters.cpp  
  inflating: /home/pascpier/Documents/NOMAD.jl/deps/nomad.3.9.1/ext/sgtelib/src/Matrix.cpp  
  inflating: /home/pascpier/Documents/NOMAD.jl/deps/nomad.3.9.1/ext/sgtelib/src/makefile  
  inflating: /home/pascpier/Documents/NOMAD.jl/deps/nomad.3.9.1/ext/sgtelib/src/Surrogate_CN.cpp  
  inflating: /home/pascpier/Documents/NOMAD.jl/deps/nomad.3.9.1/ext/sgtelib/src/sgtelib.hpp  
  inflating: /home/pascpier/Documents/NOMAD.jl/deps/nomad.3.9.1/ext/sgtelib/src/Surrogate_Utils.hpp  
  inflating: /home/pascpier/Documents/NOMAD.jl/deps/nomad.3.9.1/ext/sgtelib/src/Surrogate_Ensemble.cpp  
  inflating: /home/pascpier/Documents/NOMAD.jl/deps/nomad.3.9.1/ext/sgtelib/src/Surrogate.hpp  
  inflating: /home/pascpier/Documents/NOMAD.jl/deps/nomad.3.9.1/ext/sgtelib/src/TrainingSet.hpp  
  inflating: /home/pascpier/Documents/NOMAD.jl/deps/nomad.3.9.1/ext/sgtelib/src/Surrogate_CN.hpp  
  inflating: /home/pascpier/Documents/NOMAD.jl/deps/nomad.3.9.1/ext/sgtelib/src/Surrogate_Parameters.hpp  
  inflating: /home/pascpier/Documents/NOMAD.jl/deps/nomad.3.9.1/ext/sgtelib/src/Matrix.hpp  
  inflating: /home/pascpier/Documents/NOMAD.jl/deps/nomad.3.9.1/ext/sgtelib/src/Surrogate_Utils.cpp  
  inflating: /home/pascpier/Documents/NOMAD.jl/deps/nomad.3.9.1/ext/sgtelib/src/TrainingSet.cpp  
  inflating: /home/pascpier/Documents/NOMAD.jl/deps/nomad.3.9.1/ext/sgtelib/src/header.txt  
  inflating: /home/pascpier/Documents/NOMAD.jl/deps/nomad.3.9.1/ext/sgtelib/src/Surrogate.cpp  
  inflating: /home/pascpier/Documents/NOMAD.jl/deps/nomad.3.9.1/ext/sgtelib/src/Surrogate_Ensemble.hpp  
  inflating: /home/pascpier/Documents/NOMAD.jl/deps/nomad.3.9.1/ext/sgtelib/src/sgtelib.cpp  
  inflating: /home/pascpier/Documents/NOMAD.jl/deps/nomad.3.9.1/ext/sgtelib/src/Surrogate_Factory.cpp  
  inflating: /home/pascpier/Documents/NOMAD.jl/deps/nomad.3.9.1/ext/sgtelib/src/Metrics.cpp  
  inflating: /home/pascpier/Documents/NOMAD.jl/deps/nomad.3.9.1/ext/sgtelib/src/Kernel.hpp  
  inflating: /home/pascpier/Documents/NOMAD.jl/deps/nomad.3.9.1/ext/sgtelib/src/Surrogate_Factory.hpp  
  inflating: /home/pascpier/Documents/NOMAD.jl/deps/nomad.3.9.1/ext/sgtelib/src/Kernel.cpp  
  inflating: /home/pascpier/Documents/NOMAD.jl/deps/nomad.3.9.1/ext/sgtelib/src/Metrics.hpp  
  inflating: /home/pascpier/Documents/NOMAD.jl/deps/nomad.3.9.1/ext/sgtelib/src/Exception.hpp  
  inflating: /home/pascpier/Documents/NOMAD.jl/deps/nomad.3.9.1/ext/sgtelib/src/Defines.hpp  
  inflating: /home/pascpier/Documents/NOMAD.jl/deps/nomad.3.9.1/ext/sgtelib/src/Surrogate_Kriging.cpp  
  inflating: /home/pascpier/Documents/NOMAD.jl/deps/nomad.3.9.1/ext/sgtelib/src/Surrogate_PRS_CAT.hpp  
  inflating: /home/pascpier/Documents/NOMAD.jl/deps/nomad.3.9.1/ext/sgtelib/src/Tests.hpp  
  inflating: /home/pascpier/Documents/NOMAD.jl/deps/nomad.3.9.1/ext/sgtelib/src/Tests.cpp  
  inflating: /home/pascpier/Documents/NOMAD.jl/deps/nomad.3.9.1/ext/sgtelib/src/Surrogate_PRS_CAT.cpp  
  inflating: /home/pascpier/Documents/NOMAD.jl/deps/nomad.3.9.1/ext/sgtelib/src/Surrogate_Kriging.hpp  
   creating: /home/pascpier/Documents/NOMAD.jl/deps/nomad.3.9.1/ext/sgtelib/example/
  inflating: /home/pascpier/Documents/NOMAD.jl/deps/nomad.3.9.1/ext/sgtelib/example/sgtelib_example_SurrogateBasedOptim_EI.m  
  inflating: /home/pascpier/Documents/NOMAD.jl/deps/nomad.3.9.1/ext/sgtelib/example/ZZ.txt  
   creating: /home/pascpier/Documents/NOMAD.jl/deps/nomad.3.9.1/ext/sgtelib/example/comparison/
  inflating: /home/pascpier/Documents/NOMAD.jl/deps/nomad.3.9.1/ext/sgtelib/example/comparison/sgtelib_example_compare_models_1D.m  
  inflating: /home/pascpier/Documents/NOMAD.jl/deps/nomad.3.9.1/ext/sgtelib/example/comparison/main_metrics_comparison.m  
  inflating: /home/pascpier/Documents/NOMAD.jl/deps/nomad.3.9.1/ext/sgtelib/example/comparison/plot_metrics_comparison.m  
  inflating: /home/pascpier/Documents/NOMAD.jl/deps/nomad.3.9.1/ext/sgtelib/example/sgtelib_example_plot2D_cat.m  
  inflating: /home/pascpier/Documents/NOMAD.jl/deps/nomad.3.9.1/ext/sgtelib/example/X.txt  
  inflating: /home/pascpier/Documents/NOMAD.jl/deps/nomad.3.9.1/ext/sgtelib/example/XX.txt  
  inflating: /home/pascpier/Documents/NOMAD.jl/deps/nomad.3.9.1/ext/sgtelib/example/sgtelib_example_plotND.m  
  inflating: /home/pascpier/Documents/NOMAD.jl/deps/nomad.3.9.1/ext/sgtelib/example/sgtelib_example_plot2D_BinaryOutput.m  
  inflating: /home/pascpier/Documents/NOMAD.jl/deps/nomad.3.9.1/ext/sgtelib/example/sgtelib_example_plot2D_edge.m  
  inflating: /home/pascpier/Documents/NOMAD.jl/deps/nomad.3.9.1/ext/sgtelib/example/sgtelib_example_SurrogateBasedOptim.m  
  inflating: /home/pascpier/Documents/NOMAD.jl/deps/nomad.3.9.1/ext/sgtelib/example/sgtelib_example_plot1D.m  
  inflating: /home/pascpier/Documents/NOMAD.jl/deps/nomad.3.9.1/ext/sgtelib/example/sgtelib_example_plot2D_Outliers.m  
  inflating: /home/pascpier/Documents/NOMAD.jl/deps/nomad.3.9.1/ext/sgtelib/example/sgtelib_example_plot2D_compare.m  
  inflating: /home/pascpier/Documents/NOMAD.jl/deps/nomad.3.9.1/ext/sgtelib/example/sgtelib_example_plot2D_single.m  
  inflating: /home/pascpier/Documents/NOMAD.jl/deps/nomad.3.9.1/ext/sgtelib/example/Z.txt  
  inflating: /home/pascpier/Documents/NOMAD.jl/deps/nomad.3.9.1/ext/sgtelib/example/sgtelib_example_plot1D_oneConstantVariable.m  
   creating: /home/pascpier/Documents/NOMAD.jl/deps/nomad.3.9.1/ext/sgtelib/bin/
   creating: /home/pascpier/Documents/NOMAD.jl/deps/nomad.3.9.1/tools/
   creating: /home/pascpier/Documents/NOMAD.jl/deps/nomad.3.9.1/tools/PSD-MADS_library_mode/
  inflating: /home/pascpier/Documents/NOMAD.jl/deps/nomad.3.9.1/tools/PSD-MADS_library_mode/Master_Slaves.hpp  
  inflating: /home/pascpier/Documents/NOMAD.jl/deps/nomad.3.9.1/tools/PSD-MADS_library_mode/Makefile.in  
  inflating: /home/pascpier/Documents/NOMAD.jl/deps/nomad.3.9.1/tools/PSD-MADS_library_mode/Master_Slaves.cpp  
  inflating: /home/pascpier/Documents/NOMAD.jl/deps/nomad.3.9.1/tools/PSD-MADS_library_mode/param.txt  
  inflating: /home/pascpier/Documents/NOMAD.jl/deps/nomad.3.9.1/tools/PSD-MADS_library_mode/x_opt.txt  
  inflating: /home/pascpier/Documents/NOMAD.jl/deps/nomad.3.9.1/tools/PSD-MADS_library_mode/main.cpp  
  inflating: /home/pascpier/Documents/NOMAD.jl/deps/nomad.3.9.1/tools/PSD-MADS_library_mode/Cache_Server.cpp  
  inflating: /home/pascpier/Documents/NOMAD.jl/deps/nomad.3.9.1/tools/PSD-MADS_library_mode/Cache_Server.hpp  
  inflating: /home/pascpier/Documents/NOMAD.jl/deps/nomad.3.9.1/tools/PSD-MADS_library_mode/SJE001150.pdf  
  inflating: /home/pascpier/Documents/NOMAD.jl/deps/nomad.3.9.1/tools/PSD-MADS_library_mode/x0.txt  
   creating: /home/pascpier/Documents/NOMAD.jl/deps/nomad.3.9.1/tools/SENSITIVITY/
   creating: /home/pascpier/Documents/NOMAD.jl/deps/nomad.3.9.1/tools/SENSITIVITY/detailed_analysis/
  inflating: /home/pascpier/Documents/NOMAD.jl/deps/nomad.3.9.1/tools/SENSITIVITY/detailed_analysis/Makefile.in  
  inflating: /home/pascpier/Documents/NOMAD.jl/deps/nomad.3.9.1/tools/SENSITIVITY/detailed_analysis/detailed_analysis.cpp  
   creating: /home/pascpier/Documents/NOMAD.jl/deps/nomad.3.9.1/tools/SENSITIVITY/cache_inspect/
  inflating: /home/pascpier/Documents/NOMAD.jl/deps/nomad.3.9.1/tools/SENSITIVITY/cache_inspect/plot_points.m  
  inflating: /home/pascpier/Documents/NOMAD.jl/deps/nomad.3.9.1/tools/SENSITIVITY/cache_inspect/Makefile.in  
  inflating: /home/pascpier/Documents/NOMAD.jl/deps/nomad.3.9.1/tools/SENSITIVITY/cache_inspect/cache_inspect.cpp  
  inflating: /home/pascpier/Documents/NOMAD.jl/deps/nomad.3.9.1/tools/SENSITIVITY/2739.pdf  
   creating: /home/pascpier/Documents/NOMAD.jl/deps/nomad.3.9.1/tools/SENSITIVITY/problems/
   creating: /home/pascpier/Documents/NOMAD.jl/deps/nomad.3.9.1/tools/SENSITIVITY/problems/cube/
   creating: /home/pascpier/Documents/NOMAD.jl/deps/nomad.3.9.1/tools/SENSITIVITY/problems/cube/detailed/
  inflating: /home/pascpier/Documents/NOMAD.jl/deps/nomad.3.9.1/tools/SENSITIVITY/problems/cube/detailed/param.txt  
  inflating: /home/pascpier/Documents/NOMAD.jl/deps/nomad.3.9.1/tools/SENSITIVITY/problems/cube/detailed/cache.txt  
 extracting: /home/pascpier/Documents/NOMAD.jl/deps/nomad.3.9.1/tools/SENSITIVITY/problems/cube/detailed/x2.txt  
  inflating: /home/pascpier/Documents/NOMAD.jl/deps/nomad.3.9.1/tools/SENSITIVITY/problems/cube/detailed/bb.cpp  
 extracting: /home/pascpier/Documents/NOMAD.jl/deps/nomad.3.9.1/tools/SENSITIVITY/problems/cube/detailed/x1.txt  
  inflating: /home/pascpier/Documents/NOMAD.jl/deps/nomad.3.9.1/tools/SENSITIVITY/problems/cube/detailed/bounds.txt  
  inflating: /home/pascpier/Documents/NOMAD.jl/deps/nomad.3.9.1/tools/SENSITIVITY/problems/cube/detailed/x0.txt  
   creating: /home/pascpier/Documents/NOMAD.jl/deps/nomad.3.9.1/tools/SENSITIVITY/problems/cube/simple/
  inflating: /home/pascpier/Documents/NOMAD.jl/deps/nomad.3.9.1/tools/SENSITIVITY/problems/cube/simple/x0.txt  
  inflating: /home/pascpier/Documents/NOMAD.jl/deps/nomad.3.9.1/tools/SENSITIVITY/problems/cube/simple/param.txt  
  inflating: /home/pascpier/Documents/NOMAD.jl/deps/nomad.3.9.1/tools/SENSITIVITY/problems/cube/simple/bounds.txt  
  inflating: /home/pascpier/Documents/NOMAD.jl/deps/nomad.3.9.1/tools/SENSITIVITY/problems/cube/simple/bb.cpp  
  inflating: /home/pascpier/Documents/NOMAD.jl/deps/nomad.3.9.1/tools/SENSITIVITY/problems/cube/simple/xe.txt  
   creating: /home/pascpier/Documents/NOMAD.jl/deps/nomad.3.9.1/tools/SENSITIVITY/problems/styrene/
   creating: /home/pascpier/Documents/NOMAD.jl/deps/nomad.3.9.1/tools/SENSITIVITY/problems/styrene/black-box/
   creating: /home/pascpier/Documents/NOMAD.jl/deps/nomad.3.9.1/tools/SENSITIVITY/problems/styrene/black-box/truth/
  inflating: /home/pascpier/Documents/NOMAD.jl/deps/nomad.3.9.1/tools/SENSITIVITY/problems/styrene/black-box/truth/chemical.cpp  
  inflating: /home/pascpier/Documents/NOMAD.jl/deps/nomad.3.9.1/tools/SENSITIVITY/problems/styrene/black-box/truth/mix.cpp  
  inflating: /home/pascpier/Documents/NOMAD.jl/deps/nomad.3.9.1/tools/SENSITIVITY/problems/styrene/black-box/truth/column.cpp  
  inflating: /home/pascpier/Documents/NOMAD.jl/deps/nomad.3.9.1/tools/SENSITIVITY/problems/styrene/black-box/truth/reactor.hpp  
  inflating: /home/pascpier/Documents/NOMAD.jl/deps/nomad.3.9.1/tools/SENSITIVITY/problems/styrene/black-box/truth/bissection.cpp  
  inflating: /home/pascpier/Documents/NOMAD.jl/deps/nomad.3.9.1/tools/SENSITIVITY/problems/styrene/black-box/truth/pump.hpp  
  inflating: /home/pascpier/Documents/NOMAD.jl/deps/nomad.3.9.1/tools/SENSITIVITY/problems/styrene/black-box/truth/chemical.hpp  
  inflating: /home/pascpier/Documents/NOMAD.jl/deps/nomad.3.9.1/tools/SENSITIVITY/problems/styrene/black-box/truth/mix.hpp  
  inflating: /home/pascpier/Documents/NOMAD.jl/deps/nomad.3.9.1/tools/SENSITIVITY/problems/styrene/black-box/truth/pump.cpp  
  inflating: /home/pascpier/Documents/NOMAD.jl/deps/nomad.3.9.1/tools/SENSITIVITY/problems/styrene/black-box/truth/column.hpp  
  inflating: /home/pascpier/Documents/NOMAD.jl/deps/nomad.3.9.1/tools/SENSITIVITY/problems/styrene/black-box/truth/bissection.hpp  
  inflating: /home/pascpier/Documents/NOMAD.jl/deps/nomad.3.9.1/tools/SENSITIVITY/problems/styrene/black-box/truth/reactor.cpp  
  inflating: /home/pascpier/Documents/NOMAD.jl/deps/nomad.3.9.1/tools/SENSITIVITY/problems/styrene/black-box/truth/servor.hpp  
  inflating: /home/pascpier/Documents/NOMAD.jl/deps/nomad.3.9.1/tools/SENSITIVITY/problems/styrene/black-box/truth/defines.hpp  
  inflating: /home/pascpier/Documents/NOMAD.jl/deps/nomad.3.9.1/tools/SENSITIVITY/problems/styrene/black-box/truth/secant.cpp  
  inflating: /home/pascpier/Documents/NOMAD.jl/deps/nomad.3.9.1/tools/SENSITIVITY/problems/styrene/black-box/truth/reaction.cpp  
  inflating: /home/pascpier/Documents/NOMAD.jl/deps/nomad.3.9.1/tools/SENSITIVITY/problems/styrene/black-box/truth/flash.cpp  
  inflating: /home/pascpier/Documents/NOMAD.jl/deps/nomad.3.9.1/tools/SENSITIVITY/problems/styrene/black-box/truth/servor.cpp  
  inflating: /home/pascpier/Documents/NOMAD.jl/deps/nomad.3.9.1/tools/SENSITIVITY/problems/styrene/black-box/truth/Makefile.in  
  inflating: /home/pascpier/Documents/NOMAD.jl/deps/nomad.3.9.1/tools/SENSITIVITY/problems/styrene/black-box/truth/secant.hpp  
  inflating: /home/pascpier/Documents/NOMAD.jl/deps/nomad.3.9.1/tools/SENSITIVITY/problems/styrene/black-box/truth/flash.hpp  
  inflating: /home/pascpier/Documents/NOMAD.jl/deps/nomad.3.9.1/tools/SENSITIVITY/problems/styrene/black-box/truth/reaction.hpp  
  inflating: /home/pascpier/Documents/NOMAD.jl/deps/nomad.3.9.1/tools/SENSITIVITY/problems/styrene/black-box/truth/combrx.cpp  
  inflating: /home/pascpier/Documents/NOMAD.jl/deps/nomad.3.9.1/tools/SENSITIVITY/problems/styrene/black-box/truth/cashflow.hpp  
  inflating: /home/pascpier/Documents/NOMAD.jl/deps/nomad.3.9.1/tools/SENSITIVITY/problems/styrene/black-box/truth/burner.cpp  
  inflating: /home/pascpier/Documents/NOMAD.jl/deps/nomad.3.9.1/tools/SENSITIVITY/problems/styrene/black-box/truth/thermolib.hpp  
  inflating: /home/pascpier/Documents/NOMAD.jl/deps/nomad.3.9.1/tools/SENSITIVITY/problems/styrene/black-box/truth/profitability.hpp  
  inflating: /home/pascpier/Documents/NOMAD.jl/deps/nomad.3.9.1/tools/SENSITIVITY/problems/styrene/black-box/truth/RungeKutta.cpp  
  inflating: /home/pascpier/Documents/NOMAD.jl/deps/nomad.3.9.1/tools/SENSITIVITY/problems/styrene/black-box/truth/cashflow.cpp  
  inflating: /home/pascpier/Documents/NOMAD.jl/deps/nomad.3.9.1/tools/SENSITIVITY/problems/styrene/black-box/truth/combrx.hpp  
  inflating: /home/pascpier/Documents/NOMAD.jl/deps/nomad.3.9.1/tools/SENSITIVITY/problems/styrene/black-box/truth/profitability.cpp  
  inflating: /home/pascpier/Documents/NOMAD.jl/deps/nomad.3.9.1/tools/SENSITIVITY/problems/styrene/black-box/truth/thermolib.cpp  
  inflating: /home/pascpier/Documents/NOMAD.jl/deps/nomad.3.9.1/tools/SENSITIVITY/problems/styrene/black-box/truth/RungeKutta.hpp  
  inflating: /home/pascpier/Documents/NOMAD.jl/deps/nomad.3.9.1/tools/SENSITIVITY/problems/styrene/black-box/truth/burner.hpp  
  inflating: /home/pascpier/Documents/NOMAD.jl/deps/nomad.3.9.1/tools/SENSITIVITY/problems/styrene/black-box/truth/heatx.cpp  
  inflating: /home/pascpier/Documents/NOMAD.jl/deps/nomad.3.9.1/tools/SENSITIVITY/problems/styrene/black-box/truth/pfr.cpp  
  inflating: /home/pascpier/Documents/NOMAD.jl/deps/nomad.3.9.1/tools/SENSITIVITY/problems/styrene/black-box/truth/split.cpp  
  inflating: /home/pascpier/Documents/NOMAD.jl/deps/nomad.3.9.1/tools/SENSITIVITY/problems/styrene/black-box/truth/stream.hpp  
  inflating: /home/pascpier/Documents/NOMAD.jl/deps/nomad.3.9.1/tools/SENSITIVITY/problems/styrene/black-box/truth/bb.cpp  
  inflating: /home/pascpier/Documents/NOMAD.jl/deps/nomad.3.9.1/tools/SENSITIVITY/problems/styrene/black-box/truth/pfr.hpp  
  inflating: /home/pascpier/Documents/NOMAD.jl/deps/nomad.3.9.1/tools/SENSITIVITY/problems/styrene/black-box/truth/split.hpp  
  inflating: /home/pascpier/Documents/NOMAD.jl/deps/nomad.3.9.1/tools/SENSITIVITY/problems/styrene/black-box/truth/heatx.hpp  
  inflating: /home/pascpier/Documents/NOMAD.jl/deps/nomad.3.9.1/tools/SENSITIVITY/problems/styrene/black-box/truth/stream.cpp  
   creating: /home/pascpier/Documents/NOMAD.jl/deps/nomad.3.9.1/tools/SENSITIVITY/problems/styrene/black-box/surrogate/
  inflating: /home/pascpier/Documents/NOMAD.jl/deps/nomad.3.9.1/tools/SENSITIVITY/problems/styrene/black-box/surrogate/RungeKutta.hpp  
  inflating: /home/pascpier/Documents/NOMAD.jl/deps/nomad.3.9.1/tools/SENSITIVITY/problems/styrene/black-box/surrogate/column.cpp  
  inflating: /home/pascpier/Documents/NOMAD.jl/deps/nomad.3.9.1/tools/SENSITIVITY/problems/styrene/black-box/surrogate/chemical.cpp  
  inflating: /home/pascpier/Documents/NOMAD.jl/deps/nomad.3.9.1/tools/SENSITIVITY/problems/styrene/black-box/surrogate/defines.hpp  
  inflating: /home/pascpier/Documents/NOMAD.jl/deps/nomad.3.9.1/tools/SENSITIVITY/problems/styrene/black-box/surrogate/mix.cpp  
  inflating: /home/pascpier/Documents/NOMAD.jl/deps/nomad.3.9.1/tools/SENSITIVITY/problems/styrene/black-box/surrogate/chemical.hpp  
  inflating: /home/pascpier/Documents/NOMAD.jl/deps/nomad.3.9.1/tools/SENSITIVITY/problems/styrene/black-box/surrogate/RungeKutta.cpp  
  inflating: /home/pascpier/Documents/NOMAD.jl/deps/nomad.3.9.1/tools/SENSITIVITY/problems/styrene/black-box/surrogate/column.hpp  
  inflating: /home/pascpier/Documents/NOMAD.jl/deps/nomad.3.9.1/tools/SENSITIVITY/problems/styrene/black-box/surrogate/mix.hpp  
  inflating: /home/pascpier/Documents/NOMAD.jl/deps/nomad.3.9.1/tools/SENSITIVITY/problems/styrene/black-box/surrogate/Makefile.in  
  inflating: /home/pascpier/Documents/NOMAD.jl/deps/nomad.3.9.1/tools/SENSITIVITY/problems/styrene/black-box/surrogate/secant.cpp  
  inflating: /home/pascpier/Documents/NOMAD.jl/deps/nomad.3.9.1/tools/SENSITIVITY/problems/styrene/black-box/surrogate/servor.hpp  
  inflating: /home/pascpier/Documents/NOMAD.jl/deps/nomad.3.9.1/tools/SENSITIVITY/problems/styrene/black-box/surrogate/flash.cpp  
  inflating: /home/pascpier/Documents/NOMAD.jl/deps/nomad.3.9.1/tools/SENSITIVITY/problems/styrene/black-box/surrogate/reaction.cpp  
  inflating: /home/pascpier/Documents/NOMAD.jl/deps/nomad.3.9.1/tools/SENSITIVITY/problems/styrene/black-box/surrogate/reactor.hpp  
  inflating: /home/pascpier/Documents/NOMAD.jl/deps/nomad.3.9.1/tools/SENSITIVITY/problems/styrene/black-box/surrogate/secant.hpp  
  inflating: /home/pascpier/Documents/NOMAD.jl/deps/nomad.3.9.1/tools/SENSITIVITY/problems/styrene/black-box/surrogate/reactor.cpp  
  inflating: /home/pascpier/Documents/NOMAD.jl/deps/nomad.3.9.1/tools/SENSITIVITY/problems/styrene/black-box/surrogate/reaction.hpp  
  inflating: /home/pascpier/Documents/NOMAD.jl/deps/nomad.3.9.1/tools/SENSITIVITY/problems/styrene/black-box/surrogate/servor.cpp  
  inflating: /home/pascpier/Documents/NOMAD.jl/deps/nomad.3.9.1/tools/SENSITIVITY/problems/styrene/black-box/surrogate/flash.hpp  
  inflating: /home/pascpier/Documents/NOMAD.jl/deps/nomad.3.9.1/tools/SENSITIVITY/problems/styrene/black-box/surrogate/burner.cpp  
  inflating: /home/pascpier/Documents/NOMAD.jl/deps/nomad.3.9.1/tools/SENSITIVITY/problems/styrene/black-box/surrogate/pump.hpp  
  inflating: /home/pascpier/Documents/NOMAD.jl/deps/nomad.3.9.1/tools/SENSITIVITY/problems/styrene/black-box/surrogate/cashflow.hpp  
  inflating: /home/pascpier/Documents/NOMAD.jl/deps/nomad.3.9.1/tools/SENSITIVITY/problems/styrene/black-box/surrogate/bissection.hpp  
  inflating: /home/pascpier/Documents/NOMAD.jl/deps/nomad.3.9.1/tools/SENSITIVITY/problems/styrene/black-box/surrogate/thermolib.hpp  
  inflating: /home/pascpier/Documents/NOMAD.jl/deps/nomad.3.9.1/tools/SENSITIVITY/problems/styrene/black-box/surrogate/combrx.cpp  
  inflating: /home/pascpier/Documents/NOMAD.jl/deps/nomad.3.9.1/tools/SENSITIVITY/problems/styrene/black-box/surrogate/bissection.cpp  
  inflating: /home/pascpier/Documents/NOMAD.jl/deps/nomad.3.9.1/tools/SENSITIVITY/problems/styrene/black-box/surrogate/thermolib.cpp  
  inflating: /home/pascpier/Documents/NOMAD.jl/deps/nomad.3.9.1/tools/SENSITIVITY/problems/styrene/black-box/surrogate/pump.cpp  
  inflating: /home/pascpier/Documents/NOMAD.jl/deps/nomad.3.9.1/tools/SENSITIVITY/problems/styrene/black-box/surrogate/burner.hpp  
  inflating: /home/pascpier/Documents/NOMAD.jl/deps/nomad.3.9.1/tools/SENSITIVITY/problems/styrene/black-box/surrogate/cashflow.cpp  
  inflating: /home/pascpier/Documents/NOMAD.jl/deps/nomad.3.9.1/tools/SENSITIVITY/problems/styrene/black-box/surrogate/combrx.hpp  
  inflating: /home/pascpier/Documents/NOMAD.jl/deps/nomad.3.9.1/tools/SENSITIVITY/problems/styrene/black-box/surrogate/heatx.cpp  
  inflating: /home/pascpier/Documents/NOMAD.jl/deps/nomad.3.9.1/tools/SENSITIVITY/problems/styrene/black-box/surrogate/stream.hpp  
  inflating: /home/pascpier/Documents/NOMAD.jl/deps/nomad.3.9.1/tools/SENSITIVITY/problems/styrene/black-box/surrogate/profitability.hpp  
  inflating: /home/pascpier/Documents/NOMAD.jl/deps/nomad.3.9.1/tools/SENSITIVITY/problems/styrene/black-box/surrogate/split.cpp  
  inflating: /home/pascpier/Documents/NOMAD.jl/deps/nomad.3.9.1/tools/SENSITIVITY/problems/styrene/black-box/surrogate/bb.cpp  
  inflating: /home/pascpier/Documents/NOMAD.jl/deps/nomad.3.9.1/tools/SENSITIVITY/problems/styrene/black-box/surrogate/pfr.cpp  
  inflating: /home/pascpier/Documents/NOMAD.jl/deps/nomad.3.9.1/tools/SENSITIVITY/problems/styrene/black-box/surrogate/profitability.cpp  
  inflating: /home/pascpier/Documents/NOMAD.jl/deps/nomad.3.9.1/tools/SENSITIVITY/problems/styrene/black-box/surrogate/split.hpp  
  inflating: /home/pascpier/Documents/NOMAD.jl/deps/nomad.3.9.1/tools/SENSITIVITY/problems/styrene/black-box/surrogate/stream.cpp  
  inflating: /home/pascpier/Documents/NOMAD.jl/deps/nomad.3.9.1/tools/SENSITIVITY/problems/styrene/black-box/surrogate/heatx.hpp  
  inflating: /home/pascpier/Documents/NOMAD.jl/deps/nomad.3.9.1/tools/SENSITIVITY/problems/styrene/black-box/surrogate/pfr.hpp  
   creating: /home/pascpier/Documents/NOMAD.jl/deps/nomad.3.9.1/tools/SENSITIVITY/problems/styrene/points/
 extracting: /home/pascpier/Documents/NOMAD.jl/deps/nomad.3.9.1/tools/SENSITIVITY/problems/styrene/points/x0.txt  
 extracting: /home/pascpier/Documents/NOMAD.jl/deps/nomad.3.9.1/tools/SENSITIVITY/problems/styrene/points/x1.txt  
  inflating: /home/pascpier/Documents/NOMAD.jl/deps/nomad.3.9.1/tools/SENSITIVITY/problems/styrene/points/x2.txt  
  inflating: /home/pascpier/Documents/NOMAD.jl/deps/nomad.3.9.1/tools/SENSITIVITY/problems/styrene/points/xe.txt  
  inflating: /home/pascpier/Documents/NOMAD.jl/deps/nomad.3.9.1/tools/SENSITIVITY/problems/styrene/points/x3.txt  
  inflating: /home/pascpier/Documents/NOMAD.jl/deps/nomad.3.9.1/tools/SENSITIVITY/problems/styrene/bounds.txt  
   creating: /home/pascpier/Documents/NOMAD.jl/deps/nomad.3.9.1/tools/COOP-MADS/
  inflating: /home/pascpier/Documents/NOMAD.jl/deps/nomad.3.9.1/tools/COOP-MADS/Cache_Server.hpp  
  inflating: /home/pascpier/Documents/NOMAD.jl/deps/nomad.3.9.1/tools/COOP-MADS/Cache_Server.cpp  
  inflating: /home/pascpier/Documents/NOMAD.jl/deps/nomad.3.9.1/tools/COOP-MADS/main.cpp  
  inflating: /home/pascpier/Documents/NOMAD.jl/deps/nomad.3.9.1/tools/COOP-MADS/readme.txt  
   creating: /home/pascpier/Documents/NOMAD.jl/deps/nomad.3.9.1/tools/COOP-MADS/problems/
   creating: /home/pascpier/Documents/NOMAD.jl/deps/nomad.3.9.1/tools/COOP-MADS/problems/G2_10/
  inflating: /home/pascpier/Documents/NOMAD.jl/deps/nomad.3.9.1/tools/COOP-MADS/problems/G2_10/param.txt  
  inflating: /home/pascpier/Documents/NOMAD.jl/deps/nomad.3.9.1/tools/COOP-MADS/problems/G2_10/bb.cpp  
  inflating: /home/pascpier/Documents/NOMAD.jl/deps/nomad.3.9.1/tools/COOP-MADS/problems/G2_10/runExample.log  
  inflating: /home/pascpier/Documents/NOMAD.jl/deps/nomad.3.9.1/tools/COOP-MADS/problems/G2_10/x0.txt  
   creating: /home/pascpier/Documents/NOMAD.jl/deps/nomad.3.9.1/tools/COOP-MADS/problems/RHEOLOGY/
  inflating: /home/pascpier/Documents/NOMAD.jl/deps/nomad.3.9.1/tools/COOP-MADS/problems/RHEOLOGY/x0.txt  
  inflating: /home/pascpier/Documents/NOMAD.jl/deps/nomad.3.9.1/tools/COOP-MADS/problems/RHEOLOGY/runExample.log  
  inflating: /home/pascpier/Documents/NOMAD.jl/deps/nomad.3.9.1/tools/COOP-MADS/problems/RHEOLOGY/bb.cpp  
  inflating: /home/pascpier/Documents/NOMAD.jl/deps/nomad.3.9.1/tools/COOP-MADS/problems/RHEOLOGY/param.txt  
  inflating: /home/pascpier/Documents/NOMAD.jl/deps/nomad.3.9.1/tools/COOP-MADS/problems/RHEOLOGY/x.txt  
  inflating: /home/pascpier/Documents/NOMAD.jl/deps/nomad.3.9.1/tools/COOP-MADS/Makefile.in  
   creating: /home/pascpier/Documents/NOMAD.jl/deps/nomad.3.9.1/tools/PSD-MADS/
  inflating: /home/pascpier/Documents/NOMAD.jl/deps/nomad.3.9.1/tools/PSD-MADS/Cache_Server.cpp  
  inflating: /home/pascpier/Documents/NOMAD.jl/deps/nomad.3.9.1/tools/PSD-MADS/SJE001150.pdf  
   creating: /home/pascpier/Documents/NOMAD.jl/deps/nomad.3.9.1/tools/PSD-MADS/problems/
   creating: /home/pascpier/Documents/NOMAD.jl/deps/nomad.3.9.1/tools/PSD-MADS/problems/G2_50/
  inflating: /home/pascpier/Documents/NOMAD.jl/deps/nomad.3.9.1/tools/PSD-MADS/problems/G2_50/x.txt  
  inflating: /home/pascpier/Documents/NOMAD.jl/deps/nomad.3.9.1/tools/PSD-MADS/problems/G2_50/param.txt  
  inflating: /home/pascpier/Documents/NOMAD.jl/deps/nomad.3.9.1/tools/PSD-MADS/problems/G2_50/bb.cpp  
  inflating: /home/pascpier/Documents/NOMAD.jl/deps/nomad.3.9.1/tools/PSD-MADS/problems/G2_50/x0.txt  
   creating: /home/pascpier/Documents/NOMAD.jl/deps/nomad.3.9.1/tools/PSD-MADS/problems/B250/
  inflating: /home/pascpier/Documents/NOMAD.jl/deps/nomad.3.9.1/tools/PSD-MADS/problems/B250/x.txt  
  inflating: /home/pascpier/Documents/NOMAD.jl/deps/nomad.3.9.1/tools/PSD-MADS/problems/B250/ub.txt  
  inflating: /home/pascpier/Documents/NOMAD.jl/deps/nomad.3.9.1/tools/PSD-MADS/problems/B250/param.txt  
  inflating: /home/pascpier/Documents/NOMAD.jl/deps/nomad.3.9.1/tools/PSD-MADS/problems/B250/lb.txt  
  inflating: /home/pascpier/Documents/NOMAD.jl/deps/nomad.3.9.1/tools/PSD-MADS/problems/B250/bb.cpp  
  inflating: /home/pascpier/Documents/NOMAD.jl/deps/nomad.3.9.1/tools/PSD-MADS/problems/B250/x0.txt  
   creating: /home/pascpier/Documents/NOMAD.jl/deps/nomad.3.9.1/tools/PSD-MADS/problems/B500/
  inflating: /home/pascpier/Documents/NOMAD.jl/deps/nomad.3.9.1/tools/PSD-MADS/problems/B500/bb.cpp  
  inflating: /home/pascpier/Documents/NOMAD.jl/deps/nomad.3.9.1/tools/PSD-MADS/problems/B500/x0.txt  
  inflating: /home/pascpier/Documents/NOMAD.jl/deps/nomad.3.9.1/tools/PSD-MADS/problems/B500/x.txt  
  inflating: /home/pascpier/Documents/NOMAD.jl/deps/nomad.3.9.1/tools/PSD-MADS/problems/B500/param.txt  
  inflating: /home/pascpier/Documents/NOMAD.jl/deps/nomad.3.9.1/tools/PSD-MADS/problems/B500/ub.txt  
  inflating: /home/pascpier/Documents/NOMAD.jl/deps/nomad.3.9.1/tools/PSD-MADS/problems/B500/lb.txt  
   creating: /home/pascpier/Documents/NOMAD.jl/deps/nomad.3.9.1/tools/PSD-MADS/problems/G2_20/
  inflating: /home/pascpier/Documents/NOMAD.jl/deps/nomad.3.9.1/tools/PSD-MADS/problems/G2_20/bb.cpp  
  inflating: /home/pascpier/Documents/NOMAD.jl/deps/nomad.3.9.1/tools/PSD-MADS/problems/G2_20/x0.txt  
  inflating: /home/pascpier/Documents/NOMAD.jl/deps/nomad.3.9.1/tools/PSD-MADS/problems/G2_20/param.txt  
  inflating: /home/pascpier/Documents/NOMAD.jl/deps/nomad.3.9.1/tools/PSD-MADS/problems/G2_20/x.txt  
   creating: /home/pascpier/Documents/NOMAD.jl/deps/nomad.3.9.1/tools/PSD-MADS/problems/G2_10/
  inflating: /home/pascpier/Documents/NOMAD.jl/deps/nomad.3.9.1/tools/PSD-MADS/problems/G2_10/param.txt  
  inflating: /home/pascpier/Documents/NOMAD.jl/deps/nomad.3.9.1/tools/PSD-MADS/problems/G2_10/x0.txt  
  inflating: /home/pascpier/Documents/NOMAD.jl/deps/nomad.3.9.1/tools/PSD-MADS/problems/G2_10/runExample.log  
  inflating: /home/pascpier/Documents/NOMAD.jl/deps/nomad.3.9.1/tools/PSD-MADS/problems/G2_10/bb.cpp  
   creating: /home/pascpier/Documents/NOMAD.jl/deps/nomad.3.9.1/tools/PSD-MADS/problems/G2_500/
  inflating: /home/pascpier/Documents/NOMAD.jl/deps/nomad.3.9.1/tools/PSD-MADS/problems/G2_500/bb.cpp  
  inflating: /home/pascpier/Documents/NOMAD.jl/deps/nomad.3.9.1/tools/PSD-MADS/problems/G2_500/param.txt  
  inflating: /home/pascpier/Documents/NOMAD.jl/deps/nomad.3.9.1/tools/PSD-MADS/problems/G2_500/x.txt  
   creating: /home/pascpier/Documents/NOMAD.jl/deps/nomad.3.9.1/tools/PSD-MADS/problems/G2_250/
  inflating: /home/pascpier/Documents/NOMAD.jl/deps/nomad.3.9.1/tools/PSD-MADS/problems/G2_250/x.txt  
  inflating: /home/pascpier/Documents/NOMAD.jl/deps/nomad.3.9.1/tools/PSD-MADS/problems/G2_250/bb.cpp  
  inflating: /home/pascpier/Documents/NOMAD.jl/deps/nomad.3.9.1/tools/PSD-MADS/problems/G2_250/param.txt  
  inflating: /home/pascpier/Documents/NOMAD.jl/deps/nomad.3.9.1/tools/PSD-MADS/Cache_Server.hpp  
  inflating: /home/pascpier/Documents/NOMAD.jl/deps/nomad.3.9.1/tools/PSD-MADS/main.cpp  
  inflating: /home/pascpier/Documents/NOMAD.jl/deps/nomad.3.9.1/tools/PSD-MADS/Makefile.in  
  inflating: /home/pascpier/Documents/NOMAD.jl/deps/nomad.3.9.1/tools/PSD-MADS/readme.txt  
  inflating: /home/pascpier/Documents/NOMAD.jl/deps/nomad.3.9.1/tools/PSD-MADS/Master_Slaves.hpp  
  inflating: /home/pascpier/Documents/NOMAD.jl/deps/nomad.3.9.1/tools/PSD-MADS/Master_Slaves.cpp  
  inflating: /home/pascpier/Documents/NOMAD.jl/deps/nomad.3.9.1/Makefile  
/bin/sh: module: ligne1: Erreur de syntaxe : fin de fichier prmature
/bin/sh: erreur lors de l'import de la dfinition de fonction pour  BASH_FUNC_module 
/bin/sh: switchml: ligne1: Erreur de syntaxe : fin de fichier prmature
/bin/sh: erreur lors de l'import de la dfinition de fonction pour  BASH_FUNC_switchml 
/bin/sh: _module_raw: ligne1: Erreur de syntaxe : fin de fichier prmature
/bin/sh: erreur lors de l'import de la dfinition de fonction pour  BASH_FUNC__module_raw 
NOMAD_HOME is correctly set.
Generating makefile ...
Created /home/pascpier/Documents/NOMAD.jl/deps/nomad.3.9.1/src/Makefile.

Generating makefiles for examples ...
Created /home/pascpier/Documents/NOMAD.jl/deps/nomad.3.9.1/examples/advanced/multi_start/Makefile
Created /home/pascpier/Documents/NOMAD.jl/deps/nomad.3.9.1/examples/advanced/restart/Makefile
Created /home/pascpier/Documents/NOMAD.jl/deps/nomad.3.9.1/examples/advanced/user_search/Makefile
Created /home/pascpier/Documents/NOMAD.jl/deps/nomad.3.9.1/examples/advanced/categorical/single_obj_parallel/Makefile
Created /home/pascpier/Documents/NOMAD.jl/deps/nomad.3.9.1/examples/advanced/categorical/bi_obj/Makefile
Created /home/pascpier/Documents/NOMAD.jl/deps/nomad.3.9.1/examples/advanced/categorical/single_obj/Makefile
Created /home/pascpier/Documents/NOMAD.jl/deps/nomad.3.9.1/examples/advanced/categorical/HeatShield/Makefile
Created /home/pascpier/Documents/NOMAD.jl/deps/nomad.3.9.1/examples/advanced/categorical/bi_obj_parallel/Makefile
Created /home/pascpier/Documents/NOMAD.jl/deps/nomad.3.9.1/examples/advanced/plot/Makefile
Created /home/pascpier/Documents/NOMAD.jl/deps/nomad.3.9.1/examples/interfaces/FORTRAN/example3/Makefile
Created /home/pascpier/Documents/NOMAD.jl/deps/nomad.3.9.1/examples/interfaces/FORTRAN/example2/Makefile
Created /home/pascpier/Documents/NOMAD.jl/deps/nomad.3.9.1/examples/interfaces/FORTRAN/example1/Makefile
Created /home/pascpier/Documents/NOMAD.jl/deps/nomad.3.9.1/examples/interfaces/DLL/bi_obj/Makefile
Created /home/pascpier/Documents/NOMAD.jl/deps/nomad.3.9.1/examples/interfaces/DLL/single_obj/Makefile
Created /home/pascpier/Documents/NOMAD.jl/deps/nomad.3.9.1/examples/interfaces/AMPL/Makefile
Created /home/pascpier/Documents/NOMAD.jl/deps/nomad.3.9.1/examples/basic/library/single_obj_parallel/Makefile
Created /home/pascpier/Documents/NOMAD.jl/deps/nomad.3.9.1/examples/basic/library/bi_obj/Makefile
Created /home/pascpier/Documents/NOMAD.jl/deps/nomad.3.9.1/examples/basic/library/single_obj_sgtelib/Makefile
Created /home/pascpier/Documents/NOMAD.jl/deps/nomad.3.9.1/examples/basic/library/single_obj/Makefile
Created /home/pascpier/Documents/NOMAD.jl/deps/nomad.3.9.1/tools/PSD-MADS_library_mode/Makefile
Created /home/pascpier/Documents/NOMAD.jl/deps/nomad.3.9.1/tools/COOP-MADS/Makefile
Created /home/pascpier/Documents/NOMAD.jl/deps/nomad.3.9.1/tools/SENSITIVITY/cache_inspect/Makefile
Created /home/pascpier/Documents/NOMAD.jl/deps/nomad.3.9.1/tools/SENSITIVITY/problems/styrene/black-box/surrogate/Makefile
Created /home/pascpier/Documents/NOMAD.jl/deps/nomad.3.9.1/tools/SENSITIVITY/problems/styrene/black-box/truth/Makefile
Created /home/pascpier/Documents/NOMAD.jl/deps/nomad.3.9.1/tools/SENSITIVITY/detailed_analysis/Makefile
Created /home/pascpier/Documents/NOMAD.jl/deps/nomad.3.9.1/tools/PSD-MADS/Makefile
Configuration complete. Type make to build.
cd /home/pascpier/Documents/NOMAD.jl/deps/nomad.3.9.1/src && make all
/bin/sh: switchml: ligne1: Erreur de syntaxe : fin de fichier prmature
/bin/sh: erreur lors de l'import de la dfinition de fonction pour  BASH_FUNC_switchml 
/bin/sh: module: ligne1: Erreur de syntaxe : fin de fichier prmature
/bin/sh: erreur lors de l'import de la dfinition de fonction pour  BASH_FUNC_module 
/bin/sh: _module_raw: ligne1: Erreur de syntaxe : fin de fichier prmature
/bin/sh: erreur lors de l'import de la dfinition de fonction pour  BASH_FUNC__module_raw 
make[1] : on entre dans le rpertoire  /home/pascpier/Documents/NOMAD.jl/deps/nomad.3.9.1/src 

 ===== Creating the SGTELIB shared objects library and executables ===== 
make[2] : on entre dans le rpertoire  /home/pascpier/Documents/NOMAD.jl/deps/nomad.3.9.1/ext/sgtelib/src 
---> ../build/TrainingSet.o OK
---> ../build/Surrogate_Parameters.o OK
---> ../build/Surrogate_KS.o OK
---> ../build/Surrogate_RBF.o OK
---> ../build/Surrogate_PRS.o OK
---> ../build/Surrogate_PRS_EDGE.o OK
---> ../build/Surrogate_LOWESS.o OK
---> ../build/Surrogate_Kriging.o OK
---> ../build/Surrogate_PRS_CAT.o OK
---> ../build/Surrogate_Ensemble.o OK
---> ../build/Surrogate_CN.o OK
---> ../build/Surrogate.o OK
---> ../build/Matrix.o OK
---> ../build/Kernel.o OK
---> ../build/Surrogate_Utils.o OK
---> ../build/Surrogate_Factory.o OK
---> ../build/Tests.o OK
---> ../build/sgtelib_help.o OK
---> ../build/Metrics.o OK

== Making ../lib/libsgtelib.so ==
---> ../lib/libsgtelib.so OK
---> ../build/sgtelib.o OK

== Making ../bin/sgtelib.exe ==
---> ../bin/sgtelib.exe OK

make[2] : on quitte le rpertoire  /home/pascpier/Documents/NOMAD.jl/deps/nomad.3.9.1/ext/sgtelib/src 
 ===== Create links to libsgtelib.so =====
 ---> link into NOMAD build dir OK
 ---> link into NOMAD lib dir OK

make[2] : on entre dans le rpertoire  /home/pascpier/Documents/NOMAD.jl/deps/nomad.3.9.1/src 

 ===== Compiling Nomad objects ===== 
 ---> /home/pascpier/Documents/NOMAD.jl/deps/nomad.3.9.1/src/../builds/release/obj/ObjsNoMPI/Algo_Parameters.o OK
 ---> /home/pascpier/Documents/NOMAD.jl/deps/nomad.3.9.1/src/../builds/release/obj/ObjsNoMPI/Barrier.o OK
 ---> /home/pascpier/Documents/NOMAD.jl/deps/nomad.3.9.1/src/../builds/release/obj/ObjsNoMPI/Cache.o OK
 ---> /home/pascpier/Documents/NOMAD.jl/deps/nomad.3.9.1/src/../builds/release/obj/ObjsNoMPI/Cache_File_Point.o OK
 ---> /home/pascpier/Documents/NOMAD.jl/deps/nomad.3.9.1/src/../builds/release/obj/ObjsNoMPI/Cache_Point.o OK
 ---> /home/pascpier/Documents/NOMAD.jl/deps/nomad.3.9.1/src/../builds/release/obj/ObjsNoMPI/Cache_Search.o OK
 ---> /home/pascpier/Documents/NOMAD.jl/deps/nomad.3.9.1/src/../builds/release/obj/ObjsNoMPI/Clock.o OK
 ---> /home/pascpier/Documents/NOMAD.jl/deps/nomad.3.9.1/src/../builds/release/obj/ObjsNoMPI/Direction.o OK
 ---> /home/pascpier/Documents/NOMAD.jl/deps/nomad.3.9.1/src/../builds/release/obj/ObjsNoMPI/Directions.o OK
 ---> /home/pascpier/Documents/NOMAD.jl/deps/nomad.3.9.1/src/../builds/release/obj/ObjsNoMPI/Display.o OK
 ---> /home/pascpier/Documents/NOMAD.jl/deps/nomad.3.9.1/src/../builds/release/obj/ObjsNoMPI/Double.o OK
 ---> /home/pascpier/Documents/NOMAD.jl/deps/nomad.3.9.1/src/../builds/release/obj/ObjsNoMPI/Eval_Point.o OK
 ---> /home/pascpier/Documents/NOMAD.jl/deps/nomad.3.9.1/src/../builds/release/obj/ObjsNoMPI/Evaluator.o OK
 ---> /home/pascpier/Documents/NOMAD.jl/deps/nomad.3.9.1/src/../builds/release/obj/ObjsNoMPI/Evaluator_Control.o OK
 ---> /home/pascpier/Documents/NOMAD.jl/deps/nomad.3.9.1/src/../builds/release/obj/ObjsNoMPI/Extended_Poll.o OK
 ---> /home/pascpier/Documents/NOMAD.jl/deps/nomad.3.9.1/src/../builds/release/obj/ObjsNoMPI/L_Curve.o OK
 ---> /home/pascpier/Documents/NOMAD.jl/deps/nomad.3.9.1/src/../builds/release/obj/ObjsNoMPI/LH_Search.o OK
 ---> /home/pascpier/Documents/NOMAD.jl/deps/nomad.3.9.1/src/../builds/release/obj/ObjsNoMPI/Mads.o OK
 ---> /home/pascpier/Documents/NOMAD.jl/deps/nomad.3.9.1/src/../builds/release/obj/ObjsNoMPI/OrthogonalMesh.o OK
 ---> /home/pascpier/Documents/NOMAD.jl/deps/nomad.3.9.1/src/../builds/release/obj/ObjsNoMPI/Model_Sorted_Point.o OK
 ---> /home/pascpier/Documents/NOMAD.jl/deps/nomad.3.9.1/src/../builds/release/obj/ObjsNoMPI/Model_Stats.o OK
 ---> /home/pascpier/Documents/NOMAD.jl/deps/nomad.3.9.1/src/../builds/release/obj/ObjsNoMPI/Multi_Obj_Evaluator.o OK
 ---> /home/pascpier/Documents/NOMAD.jl/deps/nomad.3.9.1/src/../builds/release/obj/ObjsNoMPI/NelderMead_Search.o OK
 ---> /home/pascpier/Documents/NOMAD.jl/deps/nomad.3.9.1/src/../builds/release/obj/ObjsNoMPI/NelderMead_Simplex_Eval_Point.o OK
 ---> /home/pascpier/Documents/NOMAD.jl/deps/nomad.3.9.1/src/../builds/release/obj/ObjsNoMPI/Parameters.o OK
 ---> /home/pascpier/Documents/NOMAD.jl/deps/nomad.3.9.1/src/../builds/release/obj/ObjsNoMPI/Parameter_Entries.o OK
 ---> /home/pascpier/Documents/NOMAD.jl/deps/nomad.3.9.1/src/../builds/release/obj/ObjsNoMPI/Parameter_Entry.o OK
 ---> /home/pascpier/Documents/NOMAD.jl/deps/nomad.3.9.1/src/../builds/release/obj/ObjsNoMPI/Pareto_Front.o OK
 ---> /home/pascpier/Documents/NOMAD.jl/deps/nomad.3.9.1/src/../builds/release/obj/ObjsNoMPI/Pareto_Point.o OK
 ---> /home/pascpier/Documents/NOMAD.jl/deps/nomad.3.9.1/src/../builds/release/obj/ObjsNoMPI/Phase_One_Evaluator.o OK
 ---> /home/pascpier/Documents/NOMAD.jl/deps/nomad.3.9.1/src/../builds/release/obj/ObjsNoMPI/Phase_One_Search.o OK
 ---> /home/pascpier/Documents/NOMAD.jl/deps/nomad.3.9.1/src/../builds/release/obj/ObjsNoMPI/Point.o OK
 ---> /home/pascpier/Documents/NOMAD.jl/deps/nomad.3.9.1/src/../builds/release/obj/ObjsNoMPI/Priority_Eval_Point.o OK
 ---> /home/pascpier/Documents/NOMAD.jl/deps/nomad.3.9.1/src/../builds/release/obj/ObjsNoMPI/Quad_Model.o OK
 ---> /home/pascpier/Documents/NOMAD.jl/deps/nomad.3.9.1/src/../builds/release/obj/ObjsNoMPI/Quad_Model_Evaluator.o OK
 ---> /home/pascpier/Documents/NOMAD.jl/deps/nomad.3.9.1/src/../builds/release/obj/ObjsNoMPI/Quad_Model_Search.o OK
 ---> /home/pascpier/Documents/NOMAD.jl/deps/nomad.3.9.1/src/../builds/release/obj/ObjsNoMPI/Random_Pickup.o OK
 ---> /home/pascpier/Documents/NOMAD.jl/deps/nomad.3.9.1/src/../builds/release/obj/ObjsNoMPI/RNG.o OK
 ---> /home/pascpier/Documents/NOMAD.jl/deps/nomad.3.9.1/src/../builds/release/obj/ObjsNoMPI/Sgtelib_Model_Evaluator.o OK
 ---> /home/pascpier/Documents/NOMAD.jl/deps/nomad.3.9.1/src/../builds/release/obj/ObjsNoMPI/Sgtelib_Model_Search.o OK
 ---> /home/pascpier/Documents/NOMAD.jl/deps/nomad.3.9.1/src/../builds/release/obj/ObjsNoMPI/Sgtelib_Model_Manager.o OK
 ---> /home/pascpier/Documents/NOMAD.jl/deps/nomad.3.9.1/src/../builds/release/obj/ObjsNoMPI/Signature.o OK
 ---> /home/pascpier/Documents/NOMAD.jl/deps/nomad.3.9.1/src/../builds/release/obj/ObjsNoMPI/Slave.o OK
 ---> /home/pascpier/Documents/NOMAD.jl/deps/nomad.3.9.1/src/../builds/release/obj/ObjsNoMPI/Speculative_Search.o OK
 ---> /home/pascpier/Documents/NOMAD.jl/deps/nomad.3.9.1/src/../builds/release/obj/ObjsNoMPI/Stats.o OK
 ---> /home/pascpier/Documents/NOMAD.jl/deps/nomad.3.9.1/src/../builds/release/obj/ObjsNoMPI/SMesh.o OK
 ---> /home/pascpier/Documents/NOMAD.jl/deps/nomad.3.9.1/src/../builds/release/obj/ObjsNoMPI/TrendMatrix_Line_Search.o OK
 ---> /home/pascpier/Documents/NOMAD.jl/deps/nomad.3.9.1/src/../builds/release/obj/ObjsNoMPI/GMesh.o OK
 ---> /home/pascpier/Documents/NOMAD.jl/deps/nomad.3.9.1/src/../builds/release/obj/ObjsNoMPI/XMesh.o OK
 ---> /home/pascpier/Documents/NOMAD.jl/deps/nomad.3.9.1/src/../builds/release/obj/ObjsNoMPI/utils.o OK
 ---> /home/pascpier/Documents/NOMAD.jl/deps/nomad.3.9.1/src/../builds/release/obj/ObjsNoMPI/Variable_Group.o OK
 ---> /home/pascpier/Documents/NOMAD.jl/deps/nomad.3.9.1/src/../builds/release/obj/ObjsNoMPI/VNS_Search.o OK
 ---> /home/pascpier/Documents/NOMAD.jl/deps/nomad.3.9.1/src/../builds/release/obj/ObjsNoMPI/nomad.o OK

===== Creating the NOMAD shared objects library (no MPI) ===== 
 ---> cleaning link to lib files OK
 ---> /home/pascpier/Documents/NOMAD.jl/deps/nomad.3.9.1/src/../builds/release/lib/libnomad.so OK
 ---> creating symbolic link to lib file OK


 ===== Creating the NOMAD executable release version (no MPI) ===== 
 ---> cleaning link to executables OK
 ---> /home/pascpier/Documents/NOMAD.jl/deps/nomad.3.9.1/src/../builds/release/bin/nomad OK
 ---> creating symbolic link to executable OK

make[2] : on quitte le rpertoire  /home/pascpier/Documents/NOMAD.jl/deps/nomad.3.9.1/src 
make[1] : on quitte le rpertoire  /home/pascpier/Documents/NOMAD.jl/deps/nomad.3.9.1/src 

/bin/sh: switchml: ligne1: Erreur de syntaxe : fin de fichier prmature
/bin/sh: erreur lors de l'import de la dfinition de fonction pour  BASH_FUNC_switchml 
/bin/sh: module: ligne1: Erreur de syntaxe : fin de fichier prmature
/bin/sh: erreur lors de l'import de la dfinition de fonction pour  BASH_FUNC_module 
/bin/sh: _module_raw: ligne1: Erreur de syntaxe : fin de fichier prmature
/bin/sh: erreur lors de l'import de la dfinition de fonction pour  BASH_FUNC__module_raw 
 ===== Creating the SGTELIB shared objects library and executables ===== 
make[1] : on entre dans le rpertoire  /home/pascpier/Documents/NOMAD.jl/deps/nomad.3.9.1/ext/sgtelib/src 
make[1]: Rien  faire pour  all .
make[1] : on quitte le rpertoire  /home/pascpier/Documents/NOMAD.jl/deps/nomad.3.9.1/ext/sgtelib/src 
/bin/sh: switchml: ligne1: Erreur de syntaxe : fin de fichier prmature
/bin/sh: erreur lors de l'import de la dfinition de fonction pour  BASH_FUNC_switchml 
/bin/sh: module: ligne1: Erreur de syntaxe : fin de fichier prmature
/bin/sh: erreur lors de l'import de la dfinition de fonction pour  BASH_FUNC_module 
/bin/sh: _module_raw: ligne1: Erreur de syntaxe : fin de fichier prmature
/bin/sh: erreur lors de l'import de la dfinition de fonction pour  BASH_FUNC__module_raw 
 ===== Create links to libsgtelib.so =====
/bin/sh: switchml: ligne1: Erreur de syntaxe : fin de fichier prmature
/bin/sh: erreur lors de l'import de la dfinition de fonction pour  BASH_FUNC_switchml 
/bin/sh: module: ligne1: Erreur de syntaxe : fin de fichier prmature
/bin/sh: erreur lors de l'import de la dfinition de fonction pour  BASH_FUNC_module 
/bin/sh: _module_raw: ligne1: Erreur de syntaxe : fin de fichier prmature
/bin/sh: erreur lors de l'import de la dfinition de fonction pour  BASH_FUNC__module_raw 
 ---> link into NOMAD build dir OK
/bin/sh: switchml: ligne1: Erreur de syntaxe : fin de fichier prmature
/bin/sh: erreur lors de l'import de la dfinition de fonction pour  BASH_FUNC_switchml 
/bin/sh: module: ligne1: Erreur de syntaxe : fin de fichier prmature
/bin/sh: erreur lors de l'import de la dfinition de fonction pour  BASH_FUNC_module 
/bin/sh: _module_raw: ligne1: Erreur de syntaxe : fin de fichier prmature
/bin/sh: erreur lors de l'import de la dfinition de fonction pour  BASH_FUNC__module_raw 
 ---> link into NOMAD lib dir OK

make[1] : on entre dans le rpertoire  /home/pascpier/Documents/NOMAD.jl/deps/nomad.3.9.1/src 

/bin/sh: switchml: ligne1: Erreur de syntaxe : fin de fichier prmature
/bin/sh: erreur lors de l'import de la dfinition de fonction pour  BASH_FUNC_switchml 
/bin/sh: module: ligne1: Erreur de syntaxe : fin de fichier prmature
/bin/sh: erreur lors de l'import de la dfinition de fonction pour  BASH_FUNC_module 
/bin/sh: _module_raw: ligne1: Erreur de syntaxe : fin de fichier prmature
/bin/sh: erreur lors de l'import de la dfinition de fonction pour  BASH_FUNC__module_raw 
 ===== Compiling Nomad objects ===== 

/bin/sh: switchml: ligne1: Erreur de syntaxe : fin de fichier prmature
/bin/sh: erreur lors de l'import de la dfinition de fonction pour  BASH_FUNC_switchml 
/bin/sh: module: ligne1: Erreur de syntaxe : fin de fichier prmature
/bin/sh: erreur lors de l'import de la dfinition de fonction pour  BASH_FUNC_module 
/bin/sh: _module_raw: ligne1: Erreur de syntaxe : fin de fichier prmature
/bin/sh: erreur lors de l'import de la dfinition de fonction pour  BASH_FUNC__module_raw 
===== Creating the NOMAD shared objects library (no MPI) ===== 
/bin/sh: switchml: ligne1: Erreur de syntaxe : fin de fichier prmature
/bin/sh: erreur lors de l'import de la dfinition de fonction pour  BASH_FUNC_switchml 
/bin/sh: module: ligne1: Erreur de syntaxe : fin de fichier prmature
/bin/sh: erreur lors de l'import de la dfinition de fonction pour  BASH_FUNC_module 
/bin/sh: _module_raw: ligne1: Erreur de syntaxe : fin de fichier prmature
/bin/sh: erreur lors de l'import de la dfinition de fonction pour  BASH_FUNC__module_raw 
 ---> cleaning link to lib files OK
/bin/sh: switchml: ligne1: Erreur de syntaxe : fin de fichier prmature
/bin/sh: erreur lors de l'import de la dfinition de fonction pour  BASH_FUNC_switchml 
/bin/sh: module: ligne1: Erreur de syntaxe : fin de fichier prmature
/bin/sh: erreur lors de l'import de la dfinition de fonction pour  BASH_FUNC_module 
/bin/sh: _module_raw: ligne1: Erreur de syntaxe : fin de fichier prmature
/bin/sh: erreur lors de l'import de la dfinition de fonction pour  BASH_FUNC__module_raw 
 ---> /home/pascpier/Documents/NOMAD.jl/deps/nomad.3.9.1/src/../builds/release/lib/libnomad.so OK
/bin/sh: switchml: ligne1: Erreur de syntaxe : fin de fichier prmature
/bin/sh: erreur lors de l'import de la dfinition de fonction pour  BASH_FUNC_switchml 
/bin/sh: module: ligne1: Erreur de syntaxe : fin de fichier prmature
/bin/sh: erreur lors de l'import de la dfinition de fonction pour  BASH_FUNC_module 
/bin/sh: _module_raw: ligne1: Erreur de syntaxe : fin de fichier prmature
/bin/sh: erreur lors de l'import de la dfinition de fonction pour  BASH_FUNC__module_raw 
 ---> creating symbolic link to lib file OK


/bin/sh: switchml: ligne1: Erreur de syntaxe : fin de fichier prmature
/bin/sh: erreur lors de l'import de la dfinition de fonction pour  BASH_FUNC_switchml 
/bin/sh: module: ligne1: Erreur de syntaxe : fin de fichier prmature
/bin/sh: erreur lors de l'import de la dfinition de fonction pour  BASH_FUNC_module 
/bin/sh: _module_raw: ligne1: Erreur de syntaxe : fin de fichier prmature
/bin/sh: erreur lors de l'import de la dfinition de fonction pour  BASH_FUNC__module_raw 
 ===== Creating the NOMAD executable release version (no MPI) ===== 
/bin/sh: switchml: ligne1: Erreur de syntaxe : fin de fichier prmature
/bin/sh: erreur lors de l'import de la dfinition de fonction pour  BASH_FUNC_switchml 
/bin/sh: module: ligne1: Erreur de syntaxe : fin de fichier prmature
/bin/sh: erreur lors de l'import de la dfinition de fonction pour  BASH_FUNC_module 
/bin/sh: _module_raw: ligne1: Erreur de syntaxe : fin de fichier prmature
/bin/sh: erreur lors de l'import de la dfinition de fonction pour  BASH_FUNC__module_raw 
 ---> cleaning link to executables OK
/bin/sh: switchml: ligne1: Erreur de syntaxe : fin de fichier prmature
/bin/sh: erreur lors de l'import de la dfinition de fonction pour  BASH_FUNC_switchml 
/bin/sh: module: ligne1: Erreur de syntaxe : fin de fichier prmature
/bin/sh: erreur lors de l'import de la dfinition de fonction pour  BASH_FUNC_module 
/bin/sh: _module_raw: ligne1: Erreur de syntaxe : fin de fichier prmature
/bin/sh: erreur lors de l'import de la dfinition de fonction pour  BASH_FUNC__module_raw 
 ---> /home/pascpier/Documents/NOMAD.jl/deps/nomad.3.9.1/src/../builds/release/bin/nomad OK
/bin/sh: switchml: ligne1: Erreur de syntaxe : fin de fichier prmature
/bin/sh: erreur lors de l'import de la dfinition de fonction pour  BASH_FUNC_switchml 
/bin/sh: module: ligne1: Erreur de syntaxe : fin de fichier prmature
/bin/sh: erreur lors de l'import de la dfinition de fonction pour  BASH_FUNC_module 
/bin/sh: _module_raw: ligne1: Erreur de syntaxe : fin de fichier prmature
/bin/sh: erreur lors de l'import de la dfinition de fonction pour  BASH_FUNC__module_raw 
 ---> creating symbolic link to executable OK

make[1] : on quitte le rpertoire  /home/pascpier/Documents/NOMAD.jl/deps/nomad.3.9.1/src 
[ Info: extracting NOMAD...
[ Info: configuring NOMAD...
[ Info: compiling NOMAD...
[ Info: creating headers' folder...
